[2024-01-19 16:08:01] laravel.EMERGENCY: Unable to create configured logger. Using emergency logger. {"exception":"[object] (Error(code: 0): Class \"Illuminate\\Support\\Collection\" not found at /Users/lantzen/Sources/Helix-Carbon/KVA/vendor/laravel/framework/src/Illuminate/Support/helpers.php:110)
[stacktrace]
#0 /Users/lantzen/Sources/Helix-Carbon/KVA/vendor/laravel/framework/src/Illuminate/Log/LogManager.php(240): collect(Array)
#1 /Users/lantzen/Sources/Helix-Carbon/KVA/vendor/laravel/framework/src/Illuminate/Log/LogManager.php(202): Illuminate\\Log\\LogManager->createStackDriver(Array)
#2 /Users/lantzen/Sources/Helix-Carbon/KVA/vendor/laravel/framework/src/Illuminate/Log/LogManager.php(118): Illuminate\\Log\\LogManager->resolve('stack')
#3 /Users/lantzen/Sources/Helix-Carbon/KVA/vendor/laravel/framework/src/Illuminate/Log/LogManager.php(98): Illuminate\\Log\\LogManager->get('stack')
#4 /Users/lantzen/Sources/Helix-Carbon/KVA/vendor/laravel/framework/src/Illuminate/Log/LogManager.php(543): Illuminate\\Log\\LogManager->driver()
#5 /Users/lantzen/Sources/Helix-Carbon/KVA/vendor/laravel/framework/src/Illuminate/Foundation/Exceptions/Handler.php(123): Illuminate\\Log\\LogManager->error('During inherita...', Array)
#6 /Users/lantzen/Sources/Helix-Carbon/KVA/app/Exceptions/Handler.php(39): Illuminate\\Foundation\\Exceptions\\Handler->report(Object(Symfony\\Component\\ErrorHandler\\Error\\FatalError))
#7 /Users/lantzen/Sources/Helix-Carbon/KVA/vendor/laravel/framework/src/Illuminate/Foundation/Bootstrap/HandleExceptions.php(88): App\\Exceptions\\Handler->report(Object(Symfony\\Component\\ErrorHandler\\Error\\FatalError))
#8 /Users/lantzen/Sources/Helix-Carbon/KVA/vendor/laravel/framework/src/Illuminate/Foundation/Bootstrap/HandleExceptions.php(130): Illuminate\\Foundation\\Bootstrap\\HandleExceptions->handleException(Object(Symfony\\Component\\ErrorHandler\\Error\\FatalError))
#9 [internal function]: Illuminate\\Foundation\\Bootstrap\\HandleExceptions->handleShutdown()
#10 {main}
"} 
[2024-01-19 16:08:01] laravel.ERROR: During inheritance of ArrayAccess: Uncaught ErrorException: Return type of Illuminate\Support\Collection::offsetExists($key) should either be compatible with ArrayAccess::offsetExists(mixed $offset): bool, or the #[\ReturnTypeWillChange] attribute should be used to temporarily suppress the notice in /Users/lantzen/Sources/Helix-Carbon/KVA/vendor/laravel/framework/src/Illuminate/Support/Collection.php:1349
Stack trace:
#0 /Users/lantzen/Sources/Helix-Carbon/KVA/vendor/laravel/framework/src/Illuminate/Support/Collection.php(11): Illuminate\Foundation\Bootstrap\HandleExceptions->handleError(8192, 'Return type of ...', '/Users/lantzen/...', 1349)
#1 /Users/lantzen/Sources/Helix-Carbon/KVA/vendor/composer/ClassLoader.php(576): include('/Users/lantzen/...')
#2 /Users/lantzen/Sources/Helix-Carbon/KVA/vendor/composer/ClassLoader.php(427): Composer\Autoload\{closure}('/Users/lantzen/...')
#3 /Users/lantzen/Sources/Helix-Carbon/KVA/vendor/laravel/framework/src/Illuminate/Support/helpers.php(110): Composer\Autoload\ClassLoader->loadClass('Illuminate\\Supp...')
#4 /Users/lantzen/Sources/Helix-Carbon/KVA/vendor/laravel/framework/src/Illuminate/Foundation/PackageManifest.php(130): collect(Array)
#5 /Users/lantzen/Sources/Helix-Carbon/KVA/vendor/laravel/framework/src/Illuminate/Foundation/PackageManifest.php(106): Illuminate\Foundation\PackageManifest->build()
#6 /Users/lantzen/Sources/Helix-Carbon/KVA/vendor/laravel/framework/src/Illuminate/Foundation/PackageManifest.php(89): Illuminate\Foundation\PackageManifest->getManifest()
#7 /Users/lantzen/Sources/Helix-Carbon/KVA/vendor/laravel/framework/src/Illuminate/Foundation/PackageManifest.php(78): Illuminate\Foundation\PackageManifest->config('aliases')
#8 /Users/lantzen/Sources/Helix-Carbon/KVA/vendor/laravel/framework/src/Illuminate/Foundation/Bootstrap/RegisterFacades.php(26): Illuminate\Foundation\PackageManifest->aliases()
#9 /Users/lantzen/Sources/Helix-Carbon/KVA/vendor/laravel/framework/src/Illuminate/Foundation/Application.php(230): Illuminate\Foundation\Bootstrap\RegisterFacades->bootstrap(Object(Illuminate\Foundation\Application))
#10 /Users/lantzen/Sources/Helix-Carbon/KVA/vendor/laravel/framework/src/Illuminate/Foundation/Console/Kernel.php(310): Illuminate\Foundation\Application->bootstrapWith(Array)
#11 /Users/lantzen/Sources/Helix-Carbon/KVA/vendor/laravel/framework/src/Illuminate/Foundation/Console/Kernel.php(127): Illuminate\Foundation\Console\Kernel->bootstrap()
#12 /Users/lantzen/Sources/Helix-Carbon/KVA/artisan(37): Illuminate\Foundation\Console\Kernel->handle(Object(Symfony\Component\Console\Input\ArgvInput), Object(Symfony\Component\Console\Output\ConsoleOutput))
#13 {main} {"exception":"[object] (Symfony\\Component\\ErrorHandler\\Error\\FatalError(code: 0): During inheritance of ArrayAccess: Uncaught ErrorException: Return type of Illuminate\\Support\\Collection::offsetExists($key) should either be compatible with ArrayAccess::offsetExists(mixed $offset): bool, or the #[\\ReturnTypeWillChange] attribute should be used to temporarily suppress the notice in /Users/lantzen/Sources/Helix-Carbon/KVA/vendor/laravel/framework/src/Illuminate/Support/Collection.php:1349
Stack trace:
#0 /Users/lantzen/Sources/Helix-Carbon/KVA/vendor/laravel/framework/src/Illuminate/Support/Collection.php(11): Illuminate\\Foundation\\Bootstrap\\HandleExceptions->handleError(8192, 'Return type of ...', '/Users/lantzen/...', 1349)
#1 /Users/lantzen/Sources/Helix-Carbon/KVA/vendor/composer/ClassLoader.php(576): include('/Users/lantzen/...')
#2 /Users/lantzen/Sources/Helix-Carbon/KVA/vendor/composer/ClassLoader.php(427): Composer\\Autoload\\{closure}('/Users/lantzen/...')
#3 /Users/lantzen/Sources/Helix-Carbon/KVA/vendor/laravel/framework/src/Illuminate/Support/helpers.php(110): Composer\\Autoload\\ClassLoader->loadClass('Illuminate\\\\Supp...')
#4 /Users/lantzen/Sources/Helix-Carbon/KVA/vendor/laravel/framework/src/Illuminate/Foundation/PackageManifest.php(130): collect(Array)
#5 /Users/lantzen/Sources/Helix-Carbon/KVA/vendor/laravel/framework/src/Illuminate/Foundation/PackageManifest.php(106): Illuminate\\Foundation\\PackageManifest->build()
#6 /Users/lantzen/Sources/Helix-Carbon/KVA/vendor/laravel/framework/src/Illuminate/Foundation/PackageManifest.php(89): Illuminate\\Foundation\\PackageManifest->getManifest()
#7 /Users/lantzen/Sources/Helix-Carbon/KVA/vendor/laravel/framework/src/Illuminate/Foundation/PackageManifest.php(78): Illuminate\\Foundation\\PackageManifest->config('aliases')
#8 /Users/lantzen/Sources/Helix-Carbon/KVA/vendor/laravel/framework/src/Illuminate/Foundation/Bootstrap/RegisterFacades.php(26): Illuminate\\Foundation\\PackageManifest->aliases()
#9 /Users/lantzen/Sources/Helix-Carbon/KVA/vendor/laravel/framework/src/Illuminate/Foundation/Application.php(230): Illuminate\\Foundation\\Bootstrap\\RegisterFacades->bootstrap(Object(Illuminate\\Foundation\\Application))
#10 /Users/lantzen/Sources/Helix-Carbon/KVA/vendor/laravel/framework/src/Illuminate/Foundation/Console/Kernel.php(310): Illuminate\\Foundation\\Application->bootstrapWith(Array)
#11 /Users/lantzen/Sources/Helix-Carbon/KVA/vendor/laravel/framework/src/Illuminate/Foundation/Console/Kernel.php(127): Illuminate\\Foundation\\Console\\Kernel->bootstrap()
#12 /Users/lantzen/Sources/Helix-Carbon/KVA/artisan(37): Illuminate\\Foundation\\Console\\Kernel->handle(Object(Symfony\\Component\\Console\\Input\\ArgvInput), Object(Symfony\\Component\\Console\\Output\\ConsoleOutput))
#13 {main} at /Users/lantzen/Sources/Helix-Carbon/KVA/vendor/laravel/framework/src/Illuminate/Support/Collection.php:11)
[stacktrace]
#0 {main}
"} 
[2024-01-19 16:11:55] laravel.EMERGENCY: Unable to create configured logger. Using emergency logger. {"exception":"[object] (Error(code: 0): Class \"Illuminate\\Support\\Collection\" not found at /Users/lantzen/Sources/Helix-Carbon/KVA/vendor/laravel/framework/src/Illuminate/Support/helpers.php:110)
[stacktrace]
#0 /Users/lantzen/Sources/Helix-Carbon/KVA/vendor/laravel/framework/src/Illuminate/Log/LogManager.php(240): collect(Array)
#1 /Users/lantzen/Sources/Helix-Carbon/KVA/vendor/laravel/framework/src/Illuminate/Log/LogManager.php(202): Illuminate\\Log\\LogManager->createStackDriver(Array)
#2 /Users/lantzen/Sources/Helix-Carbon/KVA/vendor/laravel/framework/src/Illuminate/Log/LogManager.php(118): Illuminate\\Log\\LogManager->resolve('stack')
#3 /Users/lantzen/Sources/Helix-Carbon/KVA/vendor/laravel/framework/src/Illuminate/Log/LogManager.php(98): Illuminate\\Log\\LogManager->get('stack')
#4 /Users/lantzen/Sources/Helix-Carbon/KVA/vendor/laravel/framework/src/Illuminate/Log/LogManager.php(543): Illuminate\\Log\\LogManager->driver()
#5 /Users/lantzen/Sources/Helix-Carbon/KVA/vendor/laravel/framework/src/Illuminate/Foundation/Exceptions/Handler.php(123): Illuminate\\Log\\LogManager->error('During inherita...', Array)
#6 /Users/lantzen/Sources/Helix-Carbon/KVA/app/Exceptions/Handler.php(39): Illuminate\\Foundation\\Exceptions\\Handler->report(Object(Symfony\\Component\\ErrorHandler\\Error\\FatalError))
#7 /Users/lantzen/Sources/Helix-Carbon/KVA/vendor/laravel/framework/src/Illuminate/Foundation/Bootstrap/HandleExceptions.php(88): App\\Exceptions\\Handler->report(Object(Symfony\\Component\\ErrorHandler\\Error\\FatalError))
#8 /Users/lantzen/Sources/Helix-Carbon/KVA/vendor/laravel/framework/src/Illuminate/Foundation/Bootstrap/HandleExceptions.php(130): Illuminate\\Foundation\\Bootstrap\\HandleExceptions->handleException(Object(Symfony\\Component\\ErrorHandler\\Error\\FatalError))
#9 [internal function]: Illuminate\\Foundation\\Bootstrap\\HandleExceptions->handleShutdown()
#10 {main}
"} 
[2024-01-19 16:11:55] laravel.ERROR: During inheritance of ArrayAccess: Uncaught ErrorException: Return type of Illuminate\Support\Collection::offsetExists($key) should either be compatible with ArrayAccess::offsetExists(mixed $offset): bool, or the #[\ReturnTypeWillChange] attribute should be used to temporarily suppress the notice in /Users/lantzen/Sources/Helix-Carbon/KVA/vendor/laravel/framework/src/Illuminate/Support/Collection.php:1349
Stack trace:
#0 /Users/lantzen/Sources/Helix-Carbon/KVA/vendor/laravel/framework/src/Illuminate/Support/Collection.php(11): Illuminate\Foundation\Bootstrap\HandleExceptions->handleError(8192, 'Return type of ...', '/Users/lantzen/...', 1349)
#1 /Users/lantzen/Sources/Helix-Carbon/KVA/vendor/composer/ClassLoader.php(576): include('/Users/lantzen/...')
#2 /Users/lantzen/Sources/Helix-Carbon/KVA/vendor/composer/ClassLoader.php(427): Composer\Autoload\{closure}('/Users/lantzen/...')
#3 /Users/lantzen/Sources/Helix-Carbon/KVA/vendor/laravel/framework/src/Illuminate/Support/helpers.php(110): Composer\Autoload\ClassLoader->loadClass('Illuminate\\Supp...')
#4 /Users/lantzen/Sources/Helix-Carbon/KVA/vendor/laravel/framework/src/Illuminate/Foundation/PackageManifest.php(130): collect(Array)
#5 /Users/lantzen/Sources/Helix-Carbon/KVA/vendor/laravel/framework/src/Illuminate/Foundation/PackageManifest.php(106): Illuminate\Foundation\PackageManifest->build()
#6 /Users/lantzen/Sources/Helix-Carbon/KVA/vendor/laravel/framework/src/Illuminate/Foundation/PackageManifest.php(89): Illuminate\Foundation\PackageManifest->getManifest()
#7 /Users/lantzen/Sources/Helix-Carbon/KVA/vendor/laravel/framework/src/Illuminate/Foundation/PackageManifest.php(78): Illuminate\Foundation\PackageManifest->config('aliases')
#8 /Users/lantzen/Sources/Helix-Carbon/KVA/vendor/laravel/framework/src/Illuminate/Foundation/Bootstrap/RegisterFacades.php(26): Illuminate\Foundation\PackageManifest->aliases()
#9 /Users/lantzen/Sources/Helix-Carbon/KVA/vendor/laravel/framework/src/Illuminate/Foundation/Application.php(230): Illuminate\Foundation\Bootstrap\RegisterFacades->bootstrap(Object(Illuminate\Foundation\Application))
#10 /Users/lantzen/Sources/Helix-Carbon/KVA/vendor/laravel/framework/src/Illuminate/Foundation/Console/Kernel.php(310): Illuminate\Foundation\Application->bootstrapWith(Array)
#11 /Users/lantzen/Sources/Helix-Carbon/KVA/vendor/laravel/framework/src/Illuminate/Foundation/Console/Kernel.php(127): Illuminate\Foundation\Console\Kernel->bootstrap()
#12 /Users/lantzen/Sources/Helix-Carbon/KVA/artisan(37): Illuminate\Foundation\Console\Kernel->handle(Object(Symfony\Component\Console\Input\ArgvInput), Object(Symfony\Component\Console\Output\ConsoleOutput))
#13 {main} {"exception":"[object] (Symfony\\Component\\ErrorHandler\\Error\\FatalError(code: 0): During inheritance of ArrayAccess: Uncaught ErrorException: Return type of Illuminate\\Support\\Collection::offsetExists($key) should either be compatible with ArrayAccess::offsetExists(mixed $offset): bool, or the #[\\ReturnTypeWillChange] attribute should be used to temporarily suppress the notice in /Users/lantzen/Sources/Helix-Carbon/KVA/vendor/laravel/framework/src/Illuminate/Support/Collection.php:1349
Stack trace:
#0 /Users/lantzen/Sources/Helix-Carbon/KVA/vendor/laravel/framework/src/Illuminate/Support/Collection.php(11): Illuminate\\Foundation\\Bootstrap\\HandleExceptions->handleError(8192, 'Return type of ...', '/Users/lantzen/...', 1349)
#1 /Users/lantzen/Sources/Helix-Carbon/KVA/vendor/composer/ClassLoader.php(576): include('/Users/lantzen/...')
#2 /Users/lantzen/Sources/Helix-Carbon/KVA/vendor/composer/ClassLoader.php(427): Composer\\Autoload\\{closure}('/Users/lantzen/...')
#3 /Users/lantzen/Sources/Helix-Carbon/KVA/vendor/laravel/framework/src/Illuminate/Support/helpers.php(110): Composer\\Autoload\\ClassLoader->loadClass('Illuminate\\\\Supp...')
#4 /Users/lantzen/Sources/Helix-Carbon/KVA/vendor/laravel/framework/src/Illuminate/Foundation/PackageManifest.php(130): collect(Array)
#5 /Users/lantzen/Sources/Helix-Carbon/KVA/vendor/laravel/framework/src/Illuminate/Foundation/PackageManifest.php(106): Illuminate\\Foundation\\PackageManifest->build()
#6 /Users/lantzen/Sources/Helix-Carbon/KVA/vendor/laravel/framework/src/Illuminate/Foundation/PackageManifest.php(89): Illuminate\\Foundation\\PackageManifest->getManifest()
#7 /Users/lantzen/Sources/Helix-Carbon/KVA/vendor/laravel/framework/src/Illuminate/Foundation/PackageManifest.php(78): Illuminate\\Foundation\\PackageManifest->config('aliases')
#8 /Users/lantzen/Sources/Helix-Carbon/KVA/vendor/laravel/framework/src/Illuminate/Foundation/Bootstrap/RegisterFacades.php(26): Illuminate\\Foundation\\PackageManifest->aliases()
#9 /Users/lantzen/Sources/Helix-Carbon/KVA/vendor/laravel/framework/src/Illuminate/Foundation/Application.php(230): Illuminate\\Foundation\\Bootstrap\\RegisterFacades->bootstrap(Object(Illuminate\\Foundation\\Application))
#10 /Users/lantzen/Sources/Helix-Carbon/KVA/vendor/laravel/framework/src/Illuminate/Foundation/Console/Kernel.php(310): Illuminate\\Foundation\\Application->bootstrapWith(Array)
#11 /Users/lantzen/Sources/Helix-Carbon/KVA/vendor/laravel/framework/src/Illuminate/Foundation/Console/Kernel.php(127): Illuminate\\Foundation\\Console\\Kernel->bootstrap()
#12 /Users/lantzen/Sources/Helix-Carbon/KVA/artisan(37): Illuminate\\Foundation\\Console\\Kernel->handle(Object(Symfony\\Component\\Console\\Input\\ArgvInput), Object(Symfony\\Component\\Console\\Output\\ConsoleOutput))
#13 {main} at /Users/lantzen/Sources/Helix-Carbon/KVA/vendor/laravel/framework/src/Illuminate/Support/Collection.php:11)
[stacktrace]
#0 {main}
"} 
[2024-01-19 16:23:49] production.ERROR: Please provide a valid cache path. {"exception":"[object] (InvalidArgumentException(code: 0): Please provide a valid cache path. at /Users/lantzen/Sources/Helix-Carbon/KVA/vendor/laravel/framework/src/Illuminate/View/Compilers/Compiler.php:36)
[stacktrace]
#0 /Users/lantzen/Sources/Helix-Carbon/KVA/vendor/laravel/framework/src/Illuminate/View/ViewServiceProvider.php(91): Illuminate\\View\\Compilers\\Compiler->__construct(Object(Illuminate\\Filesystem\\Filesystem), false)
#1 /Users/lantzen/Sources/Helix-Carbon/KVA/vendor/laravel/framework/src/Illuminate/Container/Container.php(805): Illuminate\\View\\ViewServiceProvider->Illuminate\\View\\{closure}(Object(Illuminate\\Foundation\\Application), Array)
#2 /Users/lantzen/Sources/Helix-Carbon/KVA/vendor/laravel/framework/src/Illuminate/Container/Container.php(691): Illuminate\\Container\\Container->build(Object(Closure))
#3 /Users/lantzen/Sources/Helix-Carbon/KVA/vendor/laravel/framework/src/Illuminate/Foundation/Application.php(796): Illuminate\\Container\\Container->resolve('blade.compiler', Array, true)
#4 /Users/lantzen/Sources/Helix-Carbon/KVA/vendor/laravel/framework/src/Illuminate/Container/Container.php(637): Illuminate\\Foundation\\Application->resolve('blade.compiler', Array)
#5 /Users/lantzen/Sources/Helix-Carbon/KVA/vendor/laravel/framework/src/Illuminate/Foundation/Application.php(781): Illuminate\\Container\\Container->make('blade.compiler', Array)
#6 /Users/lantzen/Sources/Helix-Carbon/KVA/vendor/laravel/framework/src/Illuminate/Container/Container.php(1283): Illuminate\\Foundation\\Application->make('blade.compiler')
#7 /Users/lantzen/Sources/Helix-Carbon/KVA/vendor/laravel/framework/src/Illuminate/View/ViewServiceProvider.php(151): Illuminate\\Container\\Container->offsetGet('blade.compiler')
#8 [internal function]: Illuminate\\View\\ViewServiceProvider->Illuminate\\View\\{closure}()
#9 /Users/lantzen/Sources/Helix-Carbon/KVA/vendor/laravel/framework/src/Illuminate/View/Engines/EngineResolver.php(55): call_user_func(Object(Closure))
#10 /Users/lantzen/Sources/Helix-Carbon/KVA/vendor/facade/ignition/src/IgnitionServiceProvider.php(467): Illuminate\\View\\Engines\\EngineResolver->resolve('blade')
#11 /Users/lantzen/Sources/Helix-Carbon/KVA/vendor/facade/ignition/src/IgnitionServiceProvider.php(158): Facade\\Ignition\\IgnitionServiceProvider->hasCustomViewEnginesRegistered()
#12 /Users/lantzen/Sources/Helix-Carbon/KVA/vendor/facade/ignition/src/IgnitionServiceProvider.php(101): Facade\\Ignition\\IgnitionServiceProvider->registerViewEngines()
#13 /Users/lantzen/Sources/Helix-Carbon/KVA/vendor/laravel/framework/src/Illuminate/Container/BoundMethod.php(36): Facade\\Ignition\\IgnitionServiceProvider->boot()
#14 /Users/lantzen/Sources/Helix-Carbon/KVA/vendor/laravel/framework/src/Illuminate/Container/Util.php(37): Illuminate\\Container\\BoundMethod::Illuminate\\Container\\{closure}()
#15 /Users/lantzen/Sources/Helix-Carbon/KVA/vendor/laravel/framework/src/Illuminate/Container/BoundMethod.php(93): Illuminate\\Container\\Util::unwrapIfClosure(Object(Closure))
#16 /Users/lantzen/Sources/Helix-Carbon/KVA/vendor/laravel/framework/src/Illuminate/Container/BoundMethod.php(37): Illuminate\\Container\\BoundMethod::callBoundMethod(Object(Illuminate\\Foundation\\Application), Array, Object(Closure))
#17 /Users/lantzen/Sources/Helix-Carbon/KVA/vendor/laravel/framework/src/Illuminate/Container/Container.php(596): Illuminate\\Container\\BoundMethod::call(Object(Illuminate\\Foundation\\Application), Array, Array, NULL)
#18 /Users/lantzen/Sources/Helix-Carbon/KVA/vendor/laravel/framework/src/Illuminate/Foundation/Application.php(867): Illuminate\\Container\\Container->call(Array)
#19 /Users/lantzen/Sources/Helix-Carbon/KVA/vendor/laravel/framework/src/Illuminate/Foundation/Application.php(850): Illuminate\\Foundation\\Application->bootProvider(Object(Facade\\Ignition\\IgnitionServiceProvider))
#20 [internal function]: Illuminate\\Foundation\\Application->Illuminate\\Foundation\\{closure}(Object(Facade\\Ignition\\IgnitionServiceProvider), 15)
#21 /Users/lantzen/Sources/Helix-Carbon/KVA/vendor/laravel/framework/src/Illuminate/Foundation/Application.php(851): array_walk(Array, Object(Closure))
#22 /Users/lantzen/Sources/Helix-Carbon/KVA/vendor/laravel/framework/src/Illuminate/Foundation/Bootstrap/BootProviders.php(17): Illuminate\\Foundation\\Application->boot()
#23 /Users/lantzen/Sources/Helix-Carbon/KVA/vendor/laravel/framework/src/Illuminate/Foundation/Application.php(230): Illuminate\\Foundation\\Bootstrap\\BootProviders->bootstrap(Object(Illuminate\\Foundation\\Application))
#24 /Users/lantzen/Sources/Helix-Carbon/KVA/vendor/laravel/framework/src/Illuminate/Foundation/Console/Kernel.php(310): Illuminate\\Foundation\\Application->bootstrapWith(Array)
#25 /Users/lantzen/Sources/Helix-Carbon/KVA/vendor/laravel/framework/src/Illuminate/Foundation/Console/Kernel.php(127): Illuminate\\Foundation\\Console\\Kernel->bootstrap()
#26 /Users/lantzen/Sources/Helix-Carbon/KVA/artisan(37): Illuminate\\Foundation\\Console\\Kernel->handle(Object(Symfony\\Component\\Console\\Input\\ArgvInput), Object(Symfony\\Component\\Console\\Output\\ConsoleOutput))
#27 {main}
"} 
[2024-01-19 16:50:40] production.ERROR: Please provide a valid cache path. {"exception":"[object] (InvalidArgumentException(code: 0): Please provide a valid cache path. at /Users/lantzen/Sources/Helix-Carbon/KVA/vendor/laravel/framework/src/Illuminate/View/Compilers/Compiler.php:36)
[stacktrace]
#0 /Users/lantzen/Sources/Helix-Carbon/KVA/vendor/laravel/framework/src/Illuminate/View/ViewServiceProvider.php(91): Illuminate\\View\\Compilers\\Compiler->__construct(Object(Illuminate\\Filesystem\\Filesystem), false)
#1 /Users/lantzen/Sources/Helix-Carbon/KVA/vendor/laravel/framework/src/Illuminate/Container/Container.php(805): Illuminate\\View\\ViewServiceProvider->Illuminate\\View\\{closure}(Object(Illuminate\\Foundation\\Application), Array)
#2 /Users/lantzen/Sources/Helix-Carbon/KVA/vendor/laravel/framework/src/Illuminate/Container/Container.php(691): Illuminate\\Container\\Container->build(Object(Closure))
#3 /Users/lantzen/Sources/Helix-Carbon/KVA/vendor/laravel/framework/src/Illuminate/Foundation/Application.php(796): Illuminate\\Container\\Container->resolve('blade.compiler', Array, true)
#4 /Users/lantzen/Sources/Helix-Carbon/KVA/vendor/laravel/framework/src/Illuminate/Container/Container.php(637): Illuminate\\Foundation\\Application->resolve('blade.compiler', Array)
#5 /Users/lantzen/Sources/Helix-Carbon/KVA/vendor/laravel/framework/src/Illuminate/Foundation/Application.php(781): Illuminate\\Container\\Container->make('blade.compiler', Array)
#6 /Users/lantzen/Sources/Helix-Carbon/KVA/vendor/laravel/framework/src/Illuminate/Container/Container.php(1283): Illuminate\\Foundation\\Application->make('blade.compiler')
#7 /Users/lantzen/Sources/Helix-Carbon/KVA/vendor/laravel/framework/src/Illuminate/View/ViewServiceProvider.php(151): Illuminate\\Container\\Container->offsetGet('blade.compiler')
#8 [internal function]: Illuminate\\View\\ViewServiceProvider->Illuminate\\View\\{closure}()
#9 /Users/lantzen/Sources/Helix-Carbon/KVA/vendor/laravel/framework/src/Illuminate/View/Engines/EngineResolver.php(55): call_user_func(Object(Closure))
#10 /Users/lantzen/Sources/Helix-Carbon/KVA/vendor/facade/ignition/src/IgnitionServiceProvider.php(467): Illuminate\\View\\Engines\\EngineResolver->resolve('blade')
#11 /Users/lantzen/Sources/Helix-Carbon/KVA/vendor/facade/ignition/src/IgnitionServiceProvider.php(158): Facade\\Ignition\\IgnitionServiceProvider->hasCustomViewEnginesRegistered()
#12 /Users/lantzen/Sources/Helix-Carbon/KVA/vendor/facade/ignition/src/IgnitionServiceProvider.php(101): Facade\\Ignition\\IgnitionServiceProvider->registerViewEngines()
#13 /Users/lantzen/Sources/Helix-Carbon/KVA/vendor/laravel/framework/src/Illuminate/Container/BoundMethod.php(36): Facade\\Ignition\\IgnitionServiceProvider->boot()
#14 /Users/lantzen/Sources/Helix-Carbon/KVA/vendor/laravel/framework/src/Illuminate/Container/Util.php(37): Illuminate\\Container\\BoundMethod::Illuminate\\Container\\{closure}()
#15 /Users/lantzen/Sources/Helix-Carbon/KVA/vendor/laravel/framework/src/Illuminate/Container/BoundMethod.php(93): Illuminate\\Container\\Util::unwrapIfClosure(Object(Closure))
#16 /Users/lantzen/Sources/Helix-Carbon/KVA/vendor/laravel/framework/src/Illuminate/Container/BoundMethod.php(37): Illuminate\\Container\\BoundMethod::callBoundMethod(Object(Illuminate\\Foundation\\Application), Array, Object(Closure))
#17 /Users/lantzen/Sources/Helix-Carbon/KVA/vendor/laravel/framework/src/Illuminate/Container/Container.php(596): Illuminate\\Container\\BoundMethod::call(Object(Illuminate\\Foundation\\Application), Array, Array, NULL)
#18 /Users/lantzen/Sources/Helix-Carbon/KVA/vendor/laravel/framework/src/Illuminate/Foundation/Application.php(867): Illuminate\\Container\\Container->call(Array)
#19 /Users/lantzen/Sources/Helix-Carbon/KVA/vendor/laravel/framework/src/Illuminate/Foundation/Application.php(850): Illuminate\\Foundation\\Application->bootProvider(Object(Facade\\Ignition\\IgnitionServiceProvider))
#20 [internal function]: Illuminate\\Foundation\\Application->Illuminate\\Foundation\\{closure}(Object(Facade\\Ignition\\IgnitionServiceProvider), 15)
#21 /Users/lantzen/Sources/Helix-Carbon/KVA/vendor/laravel/framework/src/Illuminate/Foundation/Application.php(851): array_walk(Array, Object(Closure))
#22 /Users/lantzen/Sources/Helix-Carbon/KVA/vendor/laravel/framework/src/Illuminate/Foundation/Bootstrap/BootProviders.php(17): Illuminate\\Foundation\\Application->boot()
#23 /Users/lantzen/Sources/Helix-Carbon/KVA/vendor/laravel/framework/src/Illuminate/Foundation/Application.php(230): Illuminate\\Foundation\\Bootstrap\\BootProviders->bootstrap(Object(Illuminate\\Foundation\\Application))
#24 /Users/lantzen/Sources/Helix-Carbon/KVA/vendor/laravel/framework/src/Illuminate/Foundation/Console/Kernel.php(310): Illuminate\\Foundation\\Application->bootstrapWith(Array)
#25 /Users/lantzen/Sources/Helix-Carbon/KVA/vendor/laravel/framework/src/Illuminate/Foundation/Console/Kernel.php(127): Illuminate\\Foundation\\Console\\Kernel->bootstrap()
#26 /Users/lantzen/Sources/Helix-Carbon/KVA/artisan(37): Illuminate\\Foundation\\Console\\Kernel->handle(Object(Symfony\\Component\\Console\\Input\\ArgvInput), Object(Symfony\\Component\\Console\\Output\\ConsoleOutput))
#27 {main}
"} 
[2024-01-20 10:40:39] laravel.EMERGENCY: Unable to create configured logger. Using emergency logger. {"exception":"[object] (Error(code: 0): Class \"Illuminate\\Support\\Collection\" not found at /Users/lantzen/Sources/Helix-Carbon/KVA/vendor/laravel/framework/src/Illuminate/Support/helpers.php:110)
[stacktrace]
#0 /Users/lantzen/Sources/Helix-Carbon/KVA/vendor/laravel/framework/src/Illuminate/Log/LogManager.php(240): collect(Array)
#1 /Users/lantzen/Sources/Helix-Carbon/KVA/vendor/laravel/framework/src/Illuminate/Log/LogManager.php(202): Illuminate\\Log\\LogManager->createStackDriver(Array)
#2 /Users/lantzen/Sources/Helix-Carbon/KVA/vendor/laravel/framework/src/Illuminate/Log/LogManager.php(118): Illuminate\\Log\\LogManager->resolve('stack')
#3 /Users/lantzen/Sources/Helix-Carbon/KVA/vendor/laravel/framework/src/Illuminate/Log/LogManager.php(98): Illuminate\\Log\\LogManager->get('stack')
#4 /Users/lantzen/Sources/Helix-Carbon/KVA/vendor/laravel/framework/src/Illuminate/Log/LogManager.php(543): Illuminate\\Log\\LogManager->driver()
#5 /Users/lantzen/Sources/Helix-Carbon/KVA/vendor/laravel/framework/src/Illuminate/Foundation/Exceptions/Handler.php(118): Illuminate\\Log\\LogManager->error('During inherita...', Array)
#6 /Users/lantzen/Sources/Helix-Carbon/KVA/app/Exceptions/Handler.php(39): Illuminate\\Foundation\\Exceptions\\Handler->report(Object(Symfony\\Component\\ErrorHandler\\Error\\FatalError))
#7 /Users/lantzen/Sources/Helix-Carbon/KVA/vendor/laravel/framework/src/Illuminate/Foundation/Bootstrap/HandleExceptions.php(88): App\\Exceptions\\Handler->report(Object(Symfony\\Component\\ErrorHandler\\Error\\FatalError))
#8 /Users/lantzen/Sources/Helix-Carbon/KVA/vendor/laravel/framework/src/Illuminate/Foundation/Bootstrap/HandleExceptions.php(130): Illuminate\\Foundation\\Bootstrap\\HandleExceptions->handleException(Object(Symfony\\Component\\ErrorHandler\\Error\\FatalError))
#9 [internal function]: Illuminate\\Foundation\\Bootstrap\\HandleExceptions->handleShutdown()
#10 {main}
"} 
[2024-01-20 10:40:39] laravel.ERROR: During inheritance of ArrayAccess: Uncaught ErrorException: Return type of Illuminate\Support\Collection::offsetExists($key) should either be compatible with ArrayAccess::offsetExists(mixed $offset): bool, or the #[\ReturnTypeWillChange] attribute should be used to temporarily suppress the notice in /Users/lantzen/Sources/Helix-Carbon/KVA/vendor/laravel/framework/src/Illuminate/Support/Collection.php:1349
Stack trace:
#0 /Users/lantzen/Sources/Helix-Carbon/KVA/vendor/laravel/framework/src/Illuminate/Support/Collection.php(11): Illuminate\Foundation\Bootstrap\HandleExceptions->handleError(8192, 'Return type of ...', '/Users/lantzen/...', 1349)
#1 /Users/lantzen/Sources/Helix-Carbon/KVA/vendor/composer/ClassLoader.php(576): include('/Users/lantzen/...')
#2 /Users/lantzen/Sources/Helix-Carbon/KVA/vendor/composer/ClassLoader.php(427): Composer\Autoload\{closure}('/Users/lantzen/...')
#3 /Users/lantzen/Sources/Helix-Carbon/KVA/vendor/laravel/framework/src/Illuminate/Support/helpers.php(110): Composer\Autoload\ClassLoader->loadClass('Illuminate\\Supp...')
#4 /Users/lantzen/Sources/Helix-Carbon/KVA/vendor/laravel/framework/src/Illuminate/Foundation/PackageManifest.php(130): collect(Array)
#5 /Users/lantzen/Sources/Helix-Carbon/KVA/vendor/laravel/framework/src/Illuminate/Foundation/PackageManifest.php(106): Illuminate\Foundation\PackageManifest->build()
#6 /Users/lantzen/Sources/Helix-Carbon/KVA/vendor/laravel/framework/src/Illuminate/Foundation/PackageManifest.php(89): Illuminate\Foundation\PackageManifest->getManifest()
#7 /Users/lantzen/Sources/Helix-Carbon/KVA/vendor/laravel/framework/src/Illuminate/Foundation/PackageManifest.php(78): Illuminate\Foundation\PackageManifest->config('aliases')
#8 /Users/lantzen/Sources/Helix-Carbon/KVA/vendor/laravel/framework/src/Illuminate/Foundation/Bootstrap/RegisterFacades.php(26): Illuminate\Foundation\PackageManifest->aliases()
#9 /Users/lantzen/Sources/Helix-Carbon/KVA/vendor/laravel/framework/src/Illuminate/Foundation/Application.php(230): Illuminate\Foundation\Bootstrap\RegisterFacades->bootstrap(Object(Illuminate\Foundation\Application))
#10 /Users/lantzen/Sources/Helix-Carbon/KVA/vendor/laravel/framework/src/Illuminate/Foundation/Console/Kernel.php(310): Illuminate\Foundation\Application->bootstrapWith(Array)
#11 /Users/lantzen/Sources/Helix-Carbon/KVA/vendor/laravel/framework/src/Illuminate/Foundation/Console/Kernel.php(127): Illuminate\Foundation\Console\Kernel->bootstrap()
#12 /Users/lantzen/Sources/Helix-Carbon/KVA/artisan(35): Illuminate\Foundation\Console\Kernel->handle(Object(Symfony\Component\Console\Input\ArgvInput), Object(Symfony\Component\Console\Output\ConsoleOutput))
#13 {main} {"exception":"[object] (Symfony\\Component\\ErrorHandler\\Error\\FatalError(code: 0): During inheritance of ArrayAccess: Uncaught ErrorException: Return type of Illuminate\\Support\\Collection::offsetExists($key) should either be compatible with ArrayAccess::offsetExists(mixed $offset): bool, or the #[\\ReturnTypeWillChange] attribute should be used to temporarily suppress the notice in /Users/lantzen/Sources/Helix-Carbon/KVA/vendor/laravel/framework/src/Illuminate/Support/Collection.php:1349
Stack trace:
#0 /Users/lantzen/Sources/Helix-Carbon/KVA/vendor/laravel/framework/src/Illuminate/Support/Collection.php(11): Illuminate\\Foundation\\Bootstrap\\HandleExceptions->handleError(8192, 'Return type of ...', '/Users/lantzen/...', 1349)
#1 /Users/lantzen/Sources/Helix-Carbon/KVA/vendor/composer/ClassLoader.php(576): include('/Users/lantzen/...')
#2 /Users/lantzen/Sources/Helix-Carbon/KVA/vendor/composer/ClassLoader.php(427): Composer\\Autoload\\{closure}('/Users/lantzen/...')
#3 /Users/lantzen/Sources/Helix-Carbon/KVA/vendor/laravel/framework/src/Illuminate/Support/helpers.php(110): Composer\\Autoload\\ClassLoader->loadClass('Illuminate\\\\Supp...')
#4 /Users/lantzen/Sources/Helix-Carbon/KVA/vendor/laravel/framework/src/Illuminate/Foundation/PackageManifest.php(130): collect(Array)
#5 /Users/lantzen/Sources/Helix-Carbon/KVA/vendor/laravel/framework/src/Illuminate/Foundation/PackageManifest.php(106): Illuminate\\Foundation\\PackageManifest->build()
#6 /Users/lantzen/Sources/Helix-Carbon/KVA/vendor/laravel/framework/src/Illuminate/Foundation/PackageManifest.php(89): Illuminate\\Foundation\\PackageManifest->getManifest()
#7 /Users/lantzen/Sources/Helix-Carbon/KVA/vendor/laravel/framework/src/Illuminate/Foundation/PackageManifest.php(78): Illuminate\\Foundation\\PackageManifest->config('aliases')
#8 /Users/lantzen/Sources/Helix-Carbon/KVA/vendor/laravel/framework/src/Illuminate/Foundation/Bootstrap/RegisterFacades.php(26): Illuminate\\Foundation\\PackageManifest->aliases()
#9 /Users/lantzen/Sources/Helix-Carbon/KVA/vendor/laravel/framework/src/Illuminate/Foundation/Application.php(230): Illuminate\\Foundation\\Bootstrap\\RegisterFacades->bootstrap(Object(Illuminate\\Foundation\\Application))
#10 /Users/lantzen/Sources/Helix-Carbon/KVA/vendor/laravel/framework/src/Illuminate/Foundation/Console/Kernel.php(310): Illuminate\\Foundation\\Application->bootstrapWith(Array)
#11 /Users/lantzen/Sources/Helix-Carbon/KVA/vendor/laravel/framework/src/Illuminate/Foundation/Console/Kernel.php(127): Illuminate\\Foundation\\Console\\Kernel->bootstrap()
#12 /Users/lantzen/Sources/Helix-Carbon/KVA/artisan(35): Illuminate\\Foundation\\Console\\Kernel->handle(Object(Symfony\\Component\\Console\\Input\\ArgvInput), Object(Symfony\\Component\\Console\\Output\\ConsoleOutput))
#13 {main} at /Users/lantzen/Sources/Helix-Carbon/KVA/vendor/laravel/framework/src/Illuminate/Support/Collection.php:11)
[stacktrace]
#0 {main}
"} 
[2024-01-20 10:41:47] laravel.EMERGENCY: Unable to create configured logger. Using emergency logger. {"exception":"[object] (Error(code: 0): Class \"Illuminate\\Support\\Collection\" not found at /Users/lantzen/Sources/Helix-Carbon/KVA/vendor/laravel/framework/src/Illuminate/Support/helpers.php:110)
[stacktrace]
#0 /Users/lantzen/Sources/Helix-Carbon/KVA/vendor/laravel/framework/src/Illuminate/Log/LogManager.php(240): collect(Array)
#1 /Users/lantzen/Sources/Helix-Carbon/KVA/vendor/laravel/framework/src/Illuminate/Log/LogManager.php(202): Illuminate\\Log\\LogManager->createStackDriver(Array)
#2 /Users/lantzen/Sources/Helix-Carbon/KVA/vendor/laravel/framework/src/Illuminate/Log/LogManager.php(118): Illuminate\\Log\\LogManager->resolve('stack')
#3 /Users/lantzen/Sources/Helix-Carbon/KVA/vendor/laravel/framework/src/Illuminate/Log/LogManager.php(98): Illuminate\\Log\\LogManager->get('stack')
#4 /Users/lantzen/Sources/Helix-Carbon/KVA/vendor/laravel/framework/src/Illuminate/Log/LogManager.php(543): Illuminate\\Log\\LogManager->driver()
#5 /Users/lantzen/Sources/Helix-Carbon/KVA/vendor/laravel/framework/src/Illuminate/Foundation/Exceptions/Handler.php(118): Illuminate\\Log\\LogManager->error('During inherita...', Array)
#6 /Users/lantzen/Sources/Helix-Carbon/KVA/app/Exceptions/Handler.php(39): Illuminate\\Foundation\\Exceptions\\Handler->report(Object(Symfony\\Component\\ErrorHandler\\Error\\FatalError))
#7 /Users/lantzen/Sources/Helix-Carbon/KVA/vendor/laravel/framework/src/Illuminate/Foundation/Bootstrap/HandleExceptions.php(88): App\\Exceptions\\Handler->report(Object(Symfony\\Component\\ErrorHandler\\Error\\FatalError))
#8 /Users/lantzen/Sources/Helix-Carbon/KVA/vendor/laravel/framework/src/Illuminate/Foundation/Bootstrap/HandleExceptions.php(130): Illuminate\\Foundation\\Bootstrap\\HandleExceptions->handleException(Object(Symfony\\Component\\ErrorHandler\\Error\\FatalError))
#9 [internal function]: Illuminate\\Foundation\\Bootstrap\\HandleExceptions->handleShutdown()
#10 {main}
"} 
[2024-01-20 10:41:47] laravel.ERROR: During inheritance of ArrayAccess: Uncaught ErrorException: Return type of Illuminate\Support\Collection::offsetExists($key) should either be compatible with ArrayAccess::offsetExists(mixed $offset): bool, or the #[\ReturnTypeWillChange] attribute should be used to temporarily suppress the notice in /Users/lantzen/Sources/Helix-Carbon/KVA/vendor/laravel/framework/src/Illuminate/Support/Collection.php:1349
Stack trace:
#0 /Users/lantzen/Sources/Helix-Carbon/KVA/vendor/laravel/framework/src/Illuminate/Support/Collection.php(11): Illuminate\Foundation\Bootstrap\HandleExceptions->handleError(8192, 'Return type of ...', '/Users/lantzen/...', 1349)
#1 /Users/lantzen/Sources/Helix-Carbon/KVA/vendor/composer/ClassLoader.php(576): include('/Users/lantzen/...')
#2 /Users/lantzen/Sources/Helix-Carbon/KVA/vendor/composer/ClassLoader.php(427): Composer\Autoload\{closure}('/Users/lantzen/...')
#3 /Users/lantzen/Sources/Helix-Carbon/KVA/vendor/laravel/framework/src/Illuminate/Support/helpers.php(110): Composer\Autoload\ClassLoader->loadClass('Illuminate\\Supp...')
#4 /Users/lantzen/Sources/Helix-Carbon/KVA/vendor/laravel/framework/src/Illuminate/Foundation/PackageManifest.php(130): collect(Array)
#5 /Users/lantzen/Sources/Helix-Carbon/KVA/vendor/laravel/framework/src/Illuminate/Foundation/PackageManifest.php(106): Illuminate\Foundation\PackageManifest->build()
#6 /Users/lantzen/Sources/Helix-Carbon/KVA/vendor/laravel/framework/src/Illuminate/Foundation/PackageManifest.php(89): Illuminate\Foundation\PackageManifest->getManifest()
#7 /Users/lantzen/Sources/Helix-Carbon/KVA/vendor/laravel/framework/src/Illuminate/Foundation/PackageManifest.php(78): Illuminate\Foundation\PackageManifest->config('aliases')
#8 /Users/lantzen/Sources/Helix-Carbon/KVA/vendor/laravel/framework/src/Illuminate/Foundation/Bootstrap/RegisterFacades.php(26): Illuminate\Foundation\PackageManifest->aliases()
#9 /Users/lantzen/Sources/Helix-Carbon/KVA/vendor/laravel/framework/src/Illuminate/Foundation/Application.php(230): Illuminate\Foundation\Bootstrap\RegisterFacades->bootstrap(Object(Illuminate\Foundation\Application))
#10 /Users/lantzen/Sources/Helix-Carbon/KVA/vendor/laravel/framework/src/Illuminate/Foundation/Console/Kernel.php(310): Illuminate\Foundation\Application->bootstrapWith(Array)
#11 /Users/lantzen/Sources/Helix-Carbon/KVA/vendor/laravel/framework/src/Illuminate/Foundation/Console/Kernel.php(127): Illuminate\Foundation\Console\Kernel->bootstrap()
#12 /Users/lantzen/Sources/Helix-Carbon/KVA/artisan(35): Illuminate\Foundation\Console\Kernel->handle(Object(Symfony\Component\Console\Input\ArgvInput), Object(Symfony\Component\Console\Output\ConsoleOutput))
#13 {main} {"exception":"[object] (Symfony\\Component\\ErrorHandler\\Error\\FatalError(code: 0): During inheritance of ArrayAccess: Uncaught ErrorException: Return type of Illuminate\\Support\\Collection::offsetExists($key) should either be compatible with ArrayAccess::offsetExists(mixed $offset): bool, or the #[\\ReturnTypeWillChange] attribute should be used to temporarily suppress the notice in /Users/lantzen/Sources/Helix-Carbon/KVA/vendor/laravel/framework/src/Illuminate/Support/Collection.php:1349
Stack trace:
#0 /Users/lantzen/Sources/Helix-Carbon/KVA/vendor/laravel/framework/src/Illuminate/Support/Collection.php(11): Illuminate\\Foundation\\Bootstrap\\HandleExceptions->handleError(8192, 'Return type of ...', '/Users/lantzen/...', 1349)
#1 /Users/lantzen/Sources/Helix-Carbon/KVA/vendor/composer/ClassLoader.php(576): include('/Users/lantzen/...')
#2 /Users/lantzen/Sources/Helix-Carbon/KVA/vendor/composer/ClassLoader.php(427): Composer\\Autoload\\{closure}('/Users/lantzen/...')
#3 /Users/lantzen/Sources/Helix-Carbon/KVA/vendor/laravel/framework/src/Illuminate/Support/helpers.php(110): Composer\\Autoload\\ClassLoader->loadClass('Illuminate\\\\Supp...')
#4 /Users/lantzen/Sources/Helix-Carbon/KVA/vendor/laravel/framework/src/Illuminate/Foundation/PackageManifest.php(130): collect(Array)
#5 /Users/lantzen/Sources/Helix-Carbon/KVA/vendor/laravel/framework/src/Illuminate/Foundation/PackageManifest.php(106): Illuminate\\Foundation\\PackageManifest->build()
#6 /Users/lantzen/Sources/Helix-Carbon/KVA/vendor/laravel/framework/src/Illuminate/Foundation/PackageManifest.php(89): Illuminate\\Foundation\\PackageManifest->getManifest()
#7 /Users/lantzen/Sources/Helix-Carbon/KVA/vendor/laravel/framework/src/Illuminate/Foundation/PackageManifest.php(78): Illuminate\\Foundation\\PackageManifest->config('aliases')
#8 /Users/lantzen/Sources/Helix-Carbon/KVA/vendor/laravel/framework/src/Illuminate/Foundation/Bootstrap/RegisterFacades.php(26): Illuminate\\Foundation\\PackageManifest->aliases()
#9 /Users/lantzen/Sources/Helix-Carbon/KVA/vendor/laravel/framework/src/Illuminate/Foundation/Application.php(230): Illuminate\\Foundation\\Bootstrap\\RegisterFacades->bootstrap(Object(Illuminate\\Foundation\\Application))
#10 /Users/lantzen/Sources/Helix-Carbon/KVA/vendor/laravel/framework/src/Illuminate/Foundation/Console/Kernel.php(310): Illuminate\\Foundation\\Application->bootstrapWith(Array)
#11 /Users/lantzen/Sources/Helix-Carbon/KVA/vendor/laravel/framework/src/Illuminate/Foundation/Console/Kernel.php(127): Illuminate\\Foundation\\Console\\Kernel->bootstrap()
#12 /Users/lantzen/Sources/Helix-Carbon/KVA/artisan(35): Illuminate\\Foundation\\Console\\Kernel->handle(Object(Symfony\\Component\\Console\\Input\\ArgvInput), Object(Symfony\\Component\\Console\\Output\\ConsoleOutput))
#13 {main} at /Users/lantzen/Sources/Helix-Carbon/KVA/vendor/laravel/framework/src/Illuminate/Support/Collection.php:11)
[stacktrace]
#0 {main}
"} 
[2024-01-20 10:42:24] production.ERROR: Please provide a valid cache path. {"exception":"[object] (InvalidArgumentException(code: 0): Please provide a valid cache path. at /Users/lantzen/Sources/Helix-Carbon/KVA/vendor/laravel/framework/src/Illuminate/View/Compilers/Compiler.php:36)
[stacktrace]
#0 /Users/lantzen/Sources/Helix-Carbon/KVA/vendor/laravel/framework/src/Illuminate/View/ViewServiceProvider.php(91): Illuminate\\View\\Compilers\\Compiler->__construct(Object(Illuminate\\Filesystem\\Filesystem), false)
#1 /Users/lantzen/Sources/Helix-Carbon/KVA/vendor/laravel/framework/src/Illuminate/Container/Container.php(805): Illuminate\\View\\ViewServiceProvider->Illuminate\\View\\{closure}(Object(Illuminate\\Foundation\\Application), Array)
#2 /Users/lantzen/Sources/Helix-Carbon/KVA/vendor/laravel/framework/src/Illuminate/Container/Container.php(691): Illuminate\\Container\\Container->build(Object(Closure))
#3 /Users/lantzen/Sources/Helix-Carbon/KVA/vendor/laravel/framework/src/Illuminate/Foundation/Application.php(796): Illuminate\\Container\\Container->resolve('blade.compiler', Array, true)
#4 /Users/lantzen/Sources/Helix-Carbon/KVA/vendor/laravel/framework/src/Illuminate/Container/Container.php(637): Illuminate\\Foundation\\Application->resolve('blade.compiler', Array)
#5 /Users/lantzen/Sources/Helix-Carbon/KVA/vendor/laravel/framework/src/Illuminate/Foundation/Application.php(781): Illuminate\\Container\\Container->make('blade.compiler', Array)
#6 /Users/lantzen/Sources/Helix-Carbon/KVA/vendor/laravel/framework/src/Illuminate/Container/Container.php(1283): Illuminate\\Foundation\\Application->make('blade.compiler')
#7 /Users/lantzen/Sources/Helix-Carbon/KVA/vendor/laravel/framework/src/Illuminate/View/ViewServiceProvider.php(151): Illuminate\\Container\\Container->offsetGet('blade.compiler')
#8 [internal function]: Illuminate\\View\\ViewServiceProvider->Illuminate\\View\\{closure}()
#9 /Users/lantzen/Sources/Helix-Carbon/KVA/vendor/laravel/framework/src/Illuminate/View/Engines/EngineResolver.php(55): call_user_func(Object(Closure))
#10 /Users/lantzen/Sources/Helix-Carbon/KVA/vendor/facade/ignition/src/IgnitionServiceProvider.php(467): Illuminate\\View\\Engines\\EngineResolver->resolve('blade')
#11 /Users/lantzen/Sources/Helix-Carbon/KVA/vendor/facade/ignition/src/IgnitionServiceProvider.php(158): Facade\\Ignition\\IgnitionServiceProvider->hasCustomViewEnginesRegistered()
#12 /Users/lantzen/Sources/Helix-Carbon/KVA/vendor/facade/ignition/src/IgnitionServiceProvider.php(101): Facade\\Ignition\\IgnitionServiceProvider->registerViewEngines()
#13 /Users/lantzen/Sources/Helix-Carbon/KVA/vendor/laravel/framework/src/Illuminate/Container/BoundMethod.php(36): Facade\\Ignition\\IgnitionServiceProvider->boot()
#14 /Users/lantzen/Sources/Helix-Carbon/KVA/vendor/laravel/framework/src/Illuminate/Container/Util.php(37): Illuminate\\Container\\BoundMethod::Illuminate\\Container\\{closure}()
#15 /Users/lantzen/Sources/Helix-Carbon/KVA/vendor/laravel/framework/src/Illuminate/Container/BoundMethod.php(93): Illuminate\\Container\\Util::unwrapIfClosure(Object(Closure))
#16 /Users/lantzen/Sources/Helix-Carbon/KVA/vendor/laravel/framework/src/Illuminate/Container/BoundMethod.php(37): Illuminate\\Container\\BoundMethod::callBoundMethod(Object(Illuminate\\Foundation\\Application), Array, Object(Closure))
#17 /Users/lantzen/Sources/Helix-Carbon/KVA/vendor/laravel/framework/src/Illuminate/Container/Container.php(596): Illuminate\\Container\\BoundMethod::call(Object(Illuminate\\Foundation\\Application), Array, Array, NULL)
#18 /Users/lantzen/Sources/Helix-Carbon/KVA/vendor/laravel/framework/src/Illuminate/Foundation/Application.php(867): Illuminate\\Container\\Container->call(Array)
#19 /Users/lantzen/Sources/Helix-Carbon/KVA/vendor/laravel/framework/src/Illuminate/Foundation/Application.php(850): Illuminate\\Foundation\\Application->bootProvider(Object(Facade\\Ignition\\IgnitionServiceProvider))
#20 [internal function]: Illuminate\\Foundation\\Application->Illuminate\\Foundation\\{closure}(Object(Facade\\Ignition\\IgnitionServiceProvider), 15)
#21 /Users/lantzen/Sources/Helix-Carbon/KVA/vendor/laravel/framework/src/Illuminate/Foundation/Application.php(851): array_walk(Array, Object(Closure))
#22 /Users/lantzen/Sources/Helix-Carbon/KVA/vendor/laravel/framework/src/Illuminate/Foundation/Bootstrap/BootProviders.php(17): Illuminate\\Foundation\\Application->boot()
#23 /Users/lantzen/Sources/Helix-Carbon/KVA/vendor/laravel/framework/src/Illuminate/Foundation/Application.php(230): Illuminate\\Foundation\\Bootstrap\\BootProviders->bootstrap(Object(Illuminate\\Foundation\\Application))
#24 /Users/lantzen/Sources/Helix-Carbon/KVA/vendor/laravel/framework/src/Illuminate/Foundation/Console/Kernel.php(310): Illuminate\\Foundation\\Application->bootstrapWith(Array)
#25 /Users/lantzen/Sources/Helix-Carbon/KVA/vendor/laravel/framework/src/Illuminate/Foundation/Console/Kernel.php(127): Illuminate\\Foundation\\Console\\Kernel->bootstrap()
#26 /Users/lantzen/Sources/Helix-Carbon/KVA/artisan(37): Illuminate\\Foundation\\Console\\Kernel->handle(Object(Symfony\\Component\\Console\\Input\\ArgvInput), Object(Symfony\\Component\\Console\\Output\\ConsoleOutput))
#27 {main}
"} 
[2024-01-20 10:43:03] local.ERROR: Please provide a valid cache path. {"exception":"[object] (InvalidArgumentException(code: 0): Please provide a valid cache path. at /Users/lantzen/Sources/Helix-Carbon/KVA/vendor/laravel/framework/src/Illuminate/View/Compilers/Compiler.php:36)
[stacktrace]
#0 /Users/lantzen/Sources/Helix-Carbon/KVA/vendor/laravel/framework/src/Illuminate/View/ViewServiceProvider.php(91): Illuminate\\View\\Compilers\\Compiler->__construct(Object(Illuminate\\Filesystem\\Filesystem), false)
#1 /Users/lantzen/Sources/Helix-Carbon/KVA/vendor/laravel/framework/src/Illuminate/Container/Container.php(805): Illuminate\\View\\ViewServiceProvider->Illuminate\\View\\{closure}(Object(Illuminate\\Foundation\\Application), Array)
#2 /Users/lantzen/Sources/Helix-Carbon/KVA/vendor/laravel/framework/src/Illuminate/Container/Container.php(691): Illuminate\\Container\\Container->build(Object(Closure))
#3 /Users/lantzen/Sources/Helix-Carbon/KVA/vendor/laravel/framework/src/Illuminate/Foundation/Application.php(796): Illuminate\\Container\\Container->resolve('blade.compiler', Array, true)
#4 /Users/lantzen/Sources/Helix-Carbon/KVA/vendor/laravel/framework/src/Illuminate/Container/Container.php(637): Illuminate\\Foundation\\Application->resolve('blade.compiler', Array)
#5 /Users/lantzen/Sources/Helix-Carbon/KVA/vendor/laravel/framework/src/Illuminate/Foundation/Application.php(781): Illuminate\\Container\\Container->make('blade.compiler', Array)
#6 /Users/lantzen/Sources/Helix-Carbon/KVA/vendor/laravel/framework/src/Illuminate/Container/Container.php(1283): Illuminate\\Foundation\\Application->make('blade.compiler')
#7 /Users/lantzen/Sources/Helix-Carbon/KVA/vendor/laravel/framework/src/Illuminate/View/ViewServiceProvider.php(151): Illuminate\\Container\\Container->offsetGet('blade.compiler')
#8 [internal function]: Illuminate\\View\\ViewServiceProvider->Illuminate\\View\\{closure}()
#9 /Users/lantzen/Sources/Helix-Carbon/KVA/vendor/laravel/framework/src/Illuminate/View/Engines/EngineResolver.php(55): call_user_func(Object(Closure))
#10 /Users/lantzen/Sources/Helix-Carbon/KVA/vendor/facade/ignition/src/IgnitionServiceProvider.php(467): Illuminate\\View\\Engines\\EngineResolver->resolve('blade')
#11 /Users/lantzen/Sources/Helix-Carbon/KVA/vendor/facade/ignition/src/IgnitionServiceProvider.php(158): Facade\\Ignition\\IgnitionServiceProvider->hasCustomViewEnginesRegistered()
#12 /Users/lantzen/Sources/Helix-Carbon/KVA/vendor/facade/ignition/src/IgnitionServiceProvider.php(101): Facade\\Ignition\\IgnitionServiceProvider->registerViewEngines()
#13 /Users/lantzen/Sources/Helix-Carbon/KVA/vendor/laravel/framework/src/Illuminate/Container/BoundMethod.php(36): Facade\\Ignition\\IgnitionServiceProvider->boot()
#14 /Users/lantzen/Sources/Helix-Carbon/KVA/vendor/laravel/framework/src/Illuminate/Container/Util.php(37): Illuminate\\Container\\BoundMethod::Illuminate\\Container\\{closure}()
#15 /Users/lantzen/Sources/Helix-Carbon/KVA/vendor/laravel/framework/src/Illuminate/Container/BoundMethod.php(93): Illuminate\\Container\\Util::unwrapIfClosure(Object(Closure))
#16 /Users/lantzen/Sources/Helix-Carbon/KVA/vendor/laravel/framework/src/Illuminate/Container/BoundMethod.php(37): Illuminate\\Container\\BoundMethod::callBoundMethod(Object(Illuminate\\Foundation\\Application), Array, Object(Closure))
#17 /Users/lantzen/Sources/Helix-Carbon/KVA/vendor/laravel/framework/src/Illuminate/Container/Container.php(596): Illuminate\\Container\\BoundMethod::call(Object(Illuminate\\Foundation\\Application), Array, Array, NULL)
#18 /Users/lantzen/Sources/Helix-Carbon/KVA/vendor/laravel/framework/src/Illuminate/Foundation/Application.php(867): Illuminate\\Container\\Container->call(Array)
#19 /Users/lantzen/Sources/Helix-Carbon/KVA/vendor/laravel/framework/src/Illuminate/Foundation/Application.php(850): Illuminate\\Foundation\\Application->bootProvider(Object(Facade\\Ignition\\IgnitionServiceProvider))
#20 [internal function]: Illuminate\\Foundation\\Application->Illuminate\\Foundation\\{closure}(Object(Facade\\Ignition\\IgnitionServiceProvider), 15)
#21 /Users/lantzen/Sources/Helix-Carbon/KVA/vendor/laravel/framework/src/Illuminate/Foundation/Application.php(851): array_walk(Array, Object(Closure))
#22 /Users/lantzen/Sources/Helix-Carbon/KVA/vendor/laravel/framework/src/Illuminate/Foundation/Bootstrap/BootProviders.php(17): Illuminate\\Foundation\\Application->boot()
#23 /Users/lantzen/Sources/Helix-Carbon/KVA/vendor/laravel/framework/src/Illuminate/Foundation/Application.php(230): Illuminate\\Foundation\\Bootstrap\\BootProviders->bootstrap(Object(Illuminate\\Foundation\\Application))
#24 /Users/lantzen/Sources/Helix-Carbon/KVA/vendor/laravel/framework/src/Illuminate/Foundation/Console/Kernel.php(310): Illuminate\\Foundation\\Application->bootstrapWith(Array)
#25 /Users/lantzen/Sources/Helix-Carbon/KVA/vendor/laravel/framework/src/Illuminate/Foundation/Console/Kernel.php(127): Illuminate\\Foundation\\Console\\Kernel->bootstrap()
#26 /Users/lantzen/Sources/Helix-Carbon/KVA/artisan(37): Illuminate\\Foundation\\Console\\Kernel->handle(Object(Symfony\\Component\\Console\\Input\\ArgvInput), Object(Symfony\\Component\\Console\\Output\\ConsoleOutput))
#27 {main}
"} 
[2024-01-20 10:44:15] local.ERROR: Please provide a valid cache path. {"exception":"[object] (InvalidArgumentException(code: 0): Please provide a valid cache path. at /Users/lantzen/Sources/Helix-Carbon/KVA/vendor/laravel/framework/src/Illuminate/View/Compilers/Compiler.php:36)
[stacktrace]
#0 /Users/lantzen/Sources/Helix-Carbon/KVA/vendor/laravel/framework/src/Illuminate/View/ViewServiceProvider.php(91): Illuminate\\View\\Compilers\\Compiler->__construct(Object(Illuminate\\Filesystem\\Filesystem), false)
#1 /Users/lantzen/Sources/Helix-Carbon/KVA/vendor/laravel/framework/src/Illuminate/Container/Container.php(805): Illuminate\\View\\ViewServiceProvider->Illuminate\\View\\{closure}(Object(Illuminate\\Foundation\\Application), Array)
#2 /Users/lantzen/Sources/Helix-Carbon/KVA/vendor/laravel/framework/src/Illuminate/Container/Container.php(691): Illuminate\\Container\\Container->build(Object(Closure))
#3 /Users/lantzen/Sources/Helix-Carbon/KVA/vendor/laravel/framework/src/Illuminate/Foundation/Application.php(796): Illuminate\\Container\\Container->resolve('blade.compiler', Array, true)
#4 /Users/lantzen/Sources/Helix-Carbon/KVA/vendor/laravel/framework/src/Illuminate/Container/Container.php(637): Illuminate\\Foundation\\Application->resolve('blade.compiler', Array)
#5 /Users/lantzen/Sources/Helix-Carbon/KVA/vendor/laravel/framework/src/Illuminate/Foundation/Application.php(781): Illuminate\\Container\\Container->make('blade.compiler', Array)
#6 /Users/lantzen/Sources/Helix-Carbon/KVA/vendor/laravel/framework/src/Illuminate/Container/Container.php(1283): Illuminate\\Foundation\\Application->make('blade.compiler')
#7 /Users/lantzen/Sources/Helix-Carbon/KVA/vendor/laravel/framework/src/Illuminate/View/ViewServiceProvider.php(151): Illuminate\\Container\\Container->offsetGet('blade.compiler')
#8 [internal function]: Illuminate\\View\\ViewServiceProvider->Illuminate\\View\\{closure}()
#9 /Users/lantzen/Sources/Helix-Carbon/KVA/vendor/laravel/framework/src/Illuminate/View/Engines/EngineResolver.php(55): call_user_func(Object(Closure))
#10 /Users/lantzen/Sources/Helix-Carbon/KVA/vendor/facade/ignition/src/IgnitionServiceProvider.php(467): Illuminate\\View\\Engines\\EngineResolver->resolve('blade')
#11 /Users/lantzen/Sources/Helix-Carbon/KVA/vendor/facade/ignition/src/IgnitionServiceProvider.php(158): Facade\\Ignition\\IgnitionServiceProvider->hasCustomViewEnginesRegistered()
#12 /Users/lantzen/Sources/Helix-Carbon/KVA/vendor/facade/ignition/src/IgnitionServiceProvider.php(101): Facade\\Ignition\\IgnitionServiceProvider->registerViewEngines()
#13 /Users/lantzen/Sources/Helix-Carbon/KVA/vendor/laravel/framework/src/Illuminate/Container/BoundMethod.php(36): Facade\\Ignition\\IgnitionServiceProvider->boot()
#14 /Users/lantzen/Sources/Helix-Carbon/KVA/vendor/laravel/framework/src/Illuminate/Container/Util.php(37): Illuminate\\Container\\BoundMethod::Illuminate\\Container\\{closure}()
#15 /Users/lantzen/Sources/Helix-Carbon/KVA/vendor/laravel/framework/src/Illuminate/Container/BoundMethod.php(93): Illuminate\\Container\\Util::unwrapIfClosure(Object(Closure))
#16 /Users/lantzen/Sources/Helix-Carbon/KVA/vendor/laravel/framework/src/Illuminate/Container/BoundMethod.php(37): Illuminate\\Container\\BoundMethod::callBoundMethod(Object(Illuminate\\Foundation\\Application), Array, Object(Closure))
#17 /Users/lantzen/Sources/Helix-Carbon/KVA/vendor/laravel/framework/src/Illuminate/Container/Container.php(596): Illuminate\\Container\\BoundMethod::call(Object(Illuminate\\Foundation\\Application), Array, Array, NULL)
#18 /Users/lantzen/Sources/Helix-Carbon/KVA/vendor/laravel/framework/src/Illuminate/Foundation/Application.php(867): Illuminate\\Container\\Container->call(Array)
#19 /Users/lantzen/Sources/Helix-Carbon/KVA/vendor/laravel/framework/src/Illuminate/Foundation/Application.php(850): Illuminate\\Foundation\\Application->bootProvider(Object(Facade\\Ignition\\IgnitionServiceProvider))
#20 [internal function]: Illuminate\\Foundation\\Application->Illuminate\\Foundation\\{closure}(Object(Facade\\Ignition\\IgnitionServiceProvider), 15)
#21 /Users/lantzen/Sources/Helix-Carbon/KVA/vendor/laravel/framework/src/Illuminate/Foundation/Application.php(851): array_walk(Array, Object(Closure))
#22 /Users/lantzen/Sources/Helix-Carbon/KVA/vendor/laravel/framework/src/Illuminate/Foundation/Bootstrap/BootProviders.php(17): Illuminate\\Foundation\\Application->boot()
#23 /Users/lantzen/Sources/Helix-Carbon/KVA/vendor/laravel/framework/src/Illuminate/Foundation/Application.php(230): Illuminate\\Foundation\\Bootstrap\\BootProviders->bootstrap(Object(Illuminate\\Foundation\\Application))
#24 /Users/lantzen/Sources/Helix-Carbon/KVA/vendor/laravel/framework/src/Illuminate/Foundation/Console/Kernel.php(310): Illuminate\\Foundation\\Application->bootstrapWith(Array)
#25 /Users/lantzen/Sources/Helix-Carbon/KVA/vendor/laravel/framework/src/Illuminate/Foundation/Console/Kernel.php(127): Illuminate\\Foundation\\Console\\Kernel->bootstrap()
#26 /Users/lantzen/Sources/Helix-Carbon/KVA/artisan(37): Illuminate\\Foundation\\Console\\Kernel->handle(Object(Symfony\\Component\\Console\\Input\\ArgvInput), Object(Symfony\\Component\\Console\\Output\\ConsoleOutput))
#27 {main}
"} 
[2024-01-20 10:45:32] local.ERROR: Please provide a valid cache path. {"exception":"[object] (InvalidArgumentException(code: 0): Please provide a valid cache path. at /Users/lantzen/Sources/Helix-Carbon/KVA/vendor/laravel/framework/src/Illuminate/View/Compilers/Compiler.php:36)
[stacktrace]
#0 /Users/lantzen/Sources/Helix-Carbon/KVA/vendor/laravel/framework/src/Illuminate/View/ViewServiceProvider.php(91): Illuminate\\View\\Compilers\\Compiler->__construct(Object(Illuminate\\Filesystem\\Filesystem), false)
#1 /Users/lantzen/Sources/Helix-Carbon/KVA/vendor/laravel/framework/src/Illuminate/Container/Container.php(805): Illuminate\\View\\ViewServiceProvider->Illuminate\\View\\{closure}(Object(Illuminate\\Foundation\\Application), Array)
#2 /Users/lantzen/Sources/Helix-Carbon/KVA/vendor/laravel/framework/src/Illuminate/Container/Container.php(691): Illuminate\\Container\\Container->build(Object(Closure))
#3 /Users/lantzen/Sources/Helix-Carbon/KVA/vendor/laravel/framework/src/Illuminate/Foundation/Application.php(796): Illuminate\\Container\\Container->resolve('blade.compiler', Array, true)
#4 /Users/lantzen/Sources/Helix-Carbon/KVA/vendor/laravel/framework/src/Illuminate/Container/Container.php(637): Illuminate\\Foundation\\Application->resolve('blade.compiler', Array)
#5 /Users/lantzen/Sources/Helix-Carbon/KVA/vendor/laravel/framework/src/Illuminate/Foundation/Application.php(781): Illuminate\\Container\\Container->make('blade.compiler', Array)
#6 /Users/lantzen/Sources/Helix-Carbon/KVA/vendor/laravel/framework/src/Illuminate/Container/Container.php(1283): Illuminate\\Foundation\\Application->make('blade.compiler')
#7 /Users/lantzen/Sources/Helix-Carbon/KVA/vendor/laravel/framework/src/Illuminate/View/ViewServiceProvider.php(151): Illuminate\\Container\\Container->offsetGet('blade.compiler')
#8 [internal function]: Illuminate\\View\\ViewServiceProvider->Illuminate\\View\\{closure}()
#9 /Users/lantzen/Sources/Helix-Carbon/KVA/vendor/laravel/framework/src/Illuminate/View/Engines/EngineResolver.php(55): call_user_func(Object(Closure))
#10 /Users/lantzen/Sources/Helix-Carbon/KVA/vendor/facade/ignition/src/IgnitionServiceProvider.php(467): Illuminate\\View\\Engines\\EngineResolver->resolve('blade')
#11 /Users/lantzen/Sources/Helix-Carbon/KVA/vendor/facade/ignition/src/IgnitionServiceProvider.php(158): Facade\\Ignition\\IgnitionServiceProvider->hasCustomViewEnginesRegistered()
#12 /Users/lantzen/Sources/Helix-Carbon/KVA/vendor/facade/ignition/src/IgnitionServiceProvider.php(101): Facade\\Ignition\\IgnitionServiceProvider->registerViewEngines()
#13 /Users/lantzen/Sources/Helix-Carbon/KVA/vendor/laravel/framework/src/Illuminate/Container/BoundMethod.php(36): Facade\\Ignition\\IgnitionServiceProvider->boot()
#14 /Users/lantzen/Sources/Helix-Carbon/KVA/vendor/laravel/framework/src/Illuminate/Container/Util.php(37): Illuminate\\Container\\BoundMethod::Illuminate\\Container\\{closure}()
#15 /Users/lantzen/Sources/Helix-Carbon/KVA/vendor/laravel/framework/src/Illuminate/Container/BoundMethod.php(93): Illuminate\\Container\\Util::unwrapIfClosure(Object(Closure))
#16 /Users/lantzen/Sources/Helix-Carbon/KVA/vendor/laravel/framework/src/Illuminate/Container/BoundMethod.php(37): Illuminate\\Container\\BoundMethod::callBoundMethod(Object(Illuminate\\Foundation\\Application), Array, Object(Closure))
#17 /Users/lantzen/Sources/Helix-Carbon/KVA/vendor/laravel/framework/src/Illuminate/Container/Container.php(596): Illuminate\\Container\\BoundMethod::call(Object(Illuminate\\Foundation\\Application), Array, Array, NULL)
#18 /Users/lantzen/Sources/Helix-Carbon/KVA/vendor/laravel/framework/src/Illuminate/Foundation/Application.php(867): Illuminate\\Container\\Container->call(Array)
#19 /Users/lantzen/Sources/Helix-Carbon/KVA/vendor/laravel/framework/src/Illuminate/Foundation/Application.php(850): Illuminate\\Foundation\\Application->bootProvider(Object(Facade\\Ignition\\IgnitionServiceProvider))
#20 [internal function]: Illuminate\\Foundation\\Application->Illuminate\\Foundation\\{closure}(Object(Facade\\Ignition\\IgnitionServiceProvider), 15)
#21 /Users/lantzen/Sources/Helix-Carbon/KVA/vendor/laravel/framework/src/Illuminate/Foundation/Application.php(851): array_walk(Array, Object(Closure))
#22 /Users/lantzen/Sources/Helix-Carbon/KVA/vendor/laravel/framework/src/Illuminate/Foundation/Bootstrap/BootProviders.php(17): Illuminate\\Foundation\\Application->boot()
#23 /Users/lantzen/Sources/Helix-Carbon/KVA/vendor/laravel/framework/src/Illuminate/Foundation/Application.php(230): Illuminate\\Foundation\\Bootstrap\\BootProviders->bootstrap(Object(Illuminate\\Foundation\\Application))
#24 /Users/lantzen/Sources/Helix-Carbon/KVA/vendor/laravel/framework/src/Illuminate/Foundation/Console/Kernel.php(310): Illuminate\\Foundation\\Application->bootstrapWith(Array)
#25 /Users/lantzen/Sources/Helix-Carbon/KVA/vendor/laravel/framework/src/Illuminate/Foundation/Console/Kernel.php(127): Illuminate\\Foundation\\Console\\Kernel->bootstrap()
#26 /Users/lantzen/Sources/Helix-Carbon/KVA/artisan(37): Illuminate\\Foundation\\Console\\Kernel->handle(Object(Symfony\\Component\\Console\\Input\\ArgvInput), Object(Symfony\\Component\\Console\\Output\\ConsoleOutput))
#27 {main}
"} 
[2024-01-20 10:45:41] local.ERROR: Please provide a valid cache path. {"exception":"[object] (InvalidArgumentException(code: 0): Please provide a valid cache path. at /Users/lantzen/Sources/Helix-Carbon/KVA/vendor/laravel/framework/src/Illuminate/View/Compilers/Compiler.php:36)
[stacktrace]
#0 /Users/lantzen/Sources/Helix-Carbon/KVA/vendor/laravel/framework/src/Illuminate/View/ViewServiceProvider.php(91): Illuminate\\View\\Compilers\\Compiler->__construct(Object(Illuminate\\Filesystem\\Filesystem), false)
#1 /Users/lantzen/Sources/Helix-Carbon/KVA/vendor/laravel/framework/src/Illuminate/Container/Container.php(805): Illuminate\\View\\ViewServiceProvider->Illuminate\\View\\{closure}(Object(Illuminate\\Foundation\\Application), Array)
#2 /Users/lantzen/Sources/Helix-Carbon/KVA/vendor/laravel/framework/src/Illuminate/Container/Container.php(691): Illuminate\\Container\\Container->build(Object(Closure))
#3 /Users/lantzen/Sources/Helix-Carbon/KVA/vendor/laravel/framework/src/Illuminate/Foundation/Application.php(796): Illuminate\\Container\\Container->resolve('blade.compiler', Array, true)
#4 /Users/lantzen/Sources/Helix-Carbon/KVA/vendor/laravel/framework/src/Illuminate/Container/Container.php(637): Illuminate\\Foundation\\Application->resolve('blade.compiler', Array)
#5 /Users/lantzen/Sources/Helix-Carbon/KVA/vendor/laravel/framework/src/Illuminate/Foundation/Application.php(781): Illuminate\\Container\\Container->make('blade.compiler', Array)
#6 /Users/lantzen/Sources/Helix-Carbon/KVA/vendor/laravel/framework/src/Illuminate/Container/Container.php(1283): Illuminate\\Foundation\\Application->make('blade.compiler')
#7 /Users/lantzen/Sources/Helix-Carbon/KVA/vendor/laravel/framework/src/Illuminate/View/ViewServiceProvider.php(151): Illuminate\\Container\\Container->offsetGet('blade.compiler')
#8 [internal function]: Illuminate\\View\\ViewServiceProvider->Illuminate\\View\\{closure}()
#9 /Users/lantzen/Sources/Helix-Carbon/KVA/vendor/laravel/framework/src/Illuminate/View/Engines/EngineResolver.php(55): call_user_func(Object(Closure))
#10 /Users/lantzen/Sources/Helix-Carbon/KVA/vendor/facade/ignition/src/IgnitionServiceProvider.php(467): Illuminate\\View\\Engines\\EngineResolver->resolve('blade')
#11 /Users/lantzen/Sources/Helix-Carbon/KVA/vendor/facade/ignition/src/IgnitionServiceProvider.php(158): Facade\\Ignition\\IgnitionServiceProvider->hasCustomViewEnginesRegistered()
#12 /Users/lantzen/Sources/Helix-Carbon/KVA/vendor/facade/ignition/src/IgnitionServiceProvider.php(101): Facade\\Ignition\\IgnitionServiceProvider->registerViewEngines()
#13 /Users/lantzen/Sources/Helix-Carbon/KVA/vendor/laravel/framework/src/Illuminate/Container/BoundMethod.php(36): Facade\\Ignition\\IgnitionServiceProvider->boot()
#14 /Users/lantzen/Sources/Helix-Carbon/KVA/vendor/laravel/framework/src/Illuminate/Container/Util.php(37): Illuminate\\Container\\BoundMethod::Illuminate\\Container\\{closure}()
#15 /Users/lantzen/Sources/Helix-Carbon/KVA/vendor/laravel/framework/src/Illuminate/Container/BoundMethod.php(93): Illuminate\\Container\\Util::unwrapIfClosure(Object(Closure))
#16 /Users/lantzen/Sources/Helix-Carbon/KVA/vendor/laravel/framework/src/Illuminate/Container/BoundMethod.php(37): Illuminate\\Container\\BoundMethod::callBoundMethod(Object(Illuminate\\Foundation\\Application), Array, Object(Closure))
#17 /Users/lantzen/Sources/Helix-Carbon/KVA/vendor/laravel/framework/src/Illuminate/Container/Container.php(596): Illuminate\\Container\\BoundMethod::call(Object(Illuminate\\Foundation\\Application), Array, Array, NULL)
#18 /Users/lantzen/Sources/Helix-Carbon/KVA/vendor/laravel/framework/src/Illuminate/Foundation/Application.php(867): Illuminate\\Container\\Container->call(Array)
#19 /Users/lantzen/Sources/Helix-Carbon/KVA/vendor/laravel/framework/src/Illuminate/Foundation/Application.php(850): Illuminate\\Foundation\\Application->bootProvider(Object(Facade\\Ignition\\IgnitionServiceProvider))
#20 [internal function]: Illuminate\\Foundation\\Application->Illuminate\\Foundation\\{closure}(Object(Facade\\Ignition\\IgnitionServiceProvider), 15)
#21 /Users/lantzen/Sources/Helix-Carbon/KVA/vendor/laravel/framework/src/Illuminate/Foundation/Application.php(851): array_walk(Array, Object(Closure))
#22 /Users/lantzen/Sources/Helix-Carbon/KVA/vendor/laravel/framework/src/Illuminate/Foundation/Bootstrap/BootProviders.php(17): Illuminate\\Foundation\\Application->boot()
#23 /Users/lantzen/Sources/Helix-Carbon/KVA/vendor/laravel/framework/src/Illuminate/Foundation/Application.php(230): Illuminate\\Foundation\\Bootstrap\\BootProviders->bootstrap(Object(Illuminate\\Foundation\\Application))
#24 /Users/lantzen/Sources/Helix-Carbon/KVA/vendor/laravel/framework/src/Illuminate/Foundation/Console/Kernel.php(310): Illuminate\\Foundation\\Application->bootstrapWith(Array)
#25 /Users/lantzen/Sources/Helix-Carbon/KVA/vendor/laravel/framework/src/Illuminate/Foundation/Console/Kernel.php(127): Illuminate\\Foundation\\Console\\Kernel->bootstrap()
#26 /Users/lantzen/Sources/Helix-Carbon/KVA/artisan(37): Illuminate\\Foundation\\Console\\Kernel->handle(Object(Symfony\\Component\\Console\\Input\\ArgvInput), Object(Symfony\\Component\\Console\\Output\\ConsoleOutput))
#27 {main}
"} 
[2024-01-20 10:46:05] local.ERROR: Please provide a valid cache path. {"exception":"[object] (InvalidArgumentException(code: 0): Please provide a valid cache path. at /Users/lantzen/Sources/Helix-Carbon/KVA/vendor/laravel/framework/src/Illuminate/View/Compilers/Compiler.php:36)
[stacktrace]
#0 /Users/lantzen/Sources/Helix-Carbon/KVA/vendor/laravel/framework/src/Illuminate/View/ViewServiceProvider.php(91): Illuminate\\View\\Compilers\\Compiler->__construct(Object(Illuminate\\Filesystem\\Filesystem), false)
#1 /Users/lantzen/Sources/Helix-Carbon/KVA/vendor/laravel/framework/src/Illuminate/Container/Container.php(805): Illuminate\\View\\ViewServiceProvider->Illuminate\\View\\{closure}(Object(Illuminate\\Foundation\\Application), Array)
#2 /Users/lantzen/Sources/Helix-Carbon/KVA/vendor/laravel/framework/src/Illuminate/Container/Container.php(691): Illuminate\\Container\\Container->build(Object(Closure))
#3 /Users/lantzen/Sources/Helix-Carbon/KVA/vendor/laravel/framework/src/Illuminate/Foundation/Application.php(796): Illuminate\\Container\\Container->resolve('blade.compiler', Array, true)
#4 /Users/lantzen/Sources/Helix-Carbon/KVA/vendor/laravel/framework/src/Illuminate/Container/Container.php(637): Illuminate\\Foundation\\Application->resolve('blade.compiler', Array)
#5 /Users/lantzen/Sources/Helix-Carbon/KVA/vendor/laravel/framework/src/Illuminate/Foundation/Application.php(781): Illuminate\\Container\\Container->make('blade.compiler', Array)
#6 /Users/lantzen/Sources/Helix-Carbon/KVA/vendor/laravel/framework/src/Illuminate/Container/Container.php(1283): Illuminate\\Foundation\\Application->make('blade.compiler')
#7 /Users/lantzen/Sources/Helix-Carbon/KVA/vendor/laravel/framework/src/Illuminate/View/ViewServiceProvider.php(151): Illuminate\\Container\\Container->offsetGet('blade.compiler')
#8 [internal function]: Illuminate\\View\\ViewServiceProvider->Illuminate\\View\\{closure}()
#9 /Users/lantzen/Sources/Helix-Carbon/KVA/vendor/laravel/framework/src/Illuminate/View/Engines/EngineResolver.php(55): call_user_func(Object(Closure))
#10 /Users/lantzen/Sources/Helix-Carbon/KVA/vendor/facade/ignition/src/IgnitionServiceProvider.php(467): Illuminate\\View\\Engines\\EngineResolver->resolve('blade')
#11 /Users/lantzen/Sources/Helix-Carbon/KVA/vendor/facade/ignition/src/IgnitionServiceProvider.php(158): Facade\\Ignition\\IgnitionServiceProvider->hasCustomViewEnginesRegistered()
#12 /Users/lantzen/Sources/Helix-Carbon/KVA/vendor/facade/ignition/src/IgnitionServiceProvider.php(101): Facade\\Ignition\\IgnitionServiceProvider->registerViewEngines()
#13 /Users/lantzen/Sources/Helix-Carbon/KVA/vendor/laravel/framework/src/Illuminate/Container/BoundMethod.php(36): Facade\\Ignition\\IgnitionServiceProvider->boot()
#14 /Users/lantzen/Sources/Helix-Carbon/KVA/vendor/laravel/framework/src/Illuminate/Container/Util.php(37): Illuminate\\Container\\BoundMethod::Illuminate\\Container\\{closure}()
#15 /Users/lantzen/Sources/Helix-Carbon/KVA/vendor/laravel/framework/src/Illuminate/Container/BoundMethod.php(93): Illuminate\\Container\\Util::unwrapIfClosure(Object(Closure))
#16 /Users/lantzen/Sources/Helix-Carbon/KVA/vendor/laravel/framework/src/Illuminate/Container/BoundMethod.php(37): Illuminate\\Container\\BoundMethod::callBoundMethod(Object(Illuminate\\Foundation\\Application), Array, Object(Closure))
#17 /Users/lantzen/Sources/Helix-Carbon/KVA/vendor/laravel/framework/src/Illuminate/Container/Container.php(596): Illuminate\\Container\\BoundMethod::call(Object(Illuminate\\Foundation\\Application), Array, Array, NULL)
#18 /Users/lantzen/Sources/Helix-Carbon/KVA/vendor/laravel/framework/src/Illuminate/Foundation/Application.php(867): Illuminate\\Container\\Container->call(Array)
#19 /Users/lantzen/Sources/Helix-Carbon/KVA/vendor/laravel/framework/src/Illuminate/Foundation/Application.php(850): Illuminate\\Foundation\\Application->bootProvider(Object(Facade\\Ignition\\IgnitionServiceProvider))
#20 [internal function]: Illuminate\\Foundation\\Application->Illuminate\\Foundation\\{closure}(Object(Facade\\Ignition\\IgnitionServiceProvider), 15)
#21 /Users/lantzen/Sources/Helix-Carbon/KVA/vendor/laravel/framework/src/Illuminate/Foundation/Application.php(851): array_walk(Array, Object(Closure))
#22 /Users/lantzen/Sources/Helix-Carbon/KVA/vendor/laravel/framework/src/Illuminate/Foundation/Bootstrap/BootProviders.php(17): Illuminate\\Foundation\\Application->boot()
#23 /Users/lantzen/Sources/Helix-Carbon/KVA/vendor/laravel/framework/src/Illuminate/Foundation/Application.php(230): Illuminate\\Foundation\\Bootstrap\\BootProviders->bootstrap(Object(Illuminate\\Foundation\\Application))
#24 /Users/lantzen/Sources/Helix-Carbon/KVA/vendor/laravel/framework/src/Illuminate/Foundation/Console/Kernel.php(310): Illuminate\\Foundation\\Application->bootstrapWith(Array)
#25 /Users/lantzen/Sources/Helix-Carbon/KVA/vendor/laravel/framework/src/Illuminate/Foundation/Console/Kernel.php(127): Illuminate\\Foundation\\Console\\Kernel->bootstrap()
#26 /Users/lantzen/Sources/Helix-Carbon/KVA/artisan(37): Illuminate\\Foundation\\Console\\Kernel->handle(Object(Symfony\\Component\\Console\\Input\\ArgvInput), Object(Symfony\\Component\\Console\\Output\\ConsoleOutput))
#27 {main}
"} 
[2024-01-20 10:52:31] local.ERROR: No application encryption key has been specified. {"exception":"[object] (RuntimeException(code: 0): No application encryption key has been specified. at /Users/lantzen/Sources/Helix-Carbon/KVA/vendor/laravel/framework/src/Illuminate/Encryption/EncryptionServiceProvider.php:80)
[stacktrace]
#0 /Users/lantzen/Sources/Helix-Carbon/KVA/vendor/laravel/framework/src/Illuminate/Support/helpers.php(433): Illuminate\\Encryption\\EncryptionServiceProvider->Illuminate\\Encryption\\{closure}('')
#1 /Users/lantzen/Sources/Helix-Carbon/KVA/vendor/laravel/framework/src/Illuminate/Encryption/EncryptionServiceProvider.php(84): tap('', Object(Closure))
#2 /Users/lantzen/Sources/Helix-Carbon/KVA/vendor/laravel/framework/src/Illuminate/Encryption/EncryptionServiceProvider.php(61): Illuminate\\Encryption\\EncryptionServiceProvider->key(Array)
#3 /Users/lantzen/Sources/Helix-Carbon/KVA/vendor/laravel/framework/src/Illuminate/Encryption/EncryptionServiceProvider.php(33): Illuminate\\Encryption\\EncryptionServiceProvider->parseKey(Array)
#4 /Users/lantzen/Sources/Helix-Carbon/KVA/vendor/laravel/framework/src/Illuminate/Container/Container.php(805): Illuminate\\Encryption\\EncryptionServiceProvider->Illuminate\\Encryption\\{closure}(Object(Illuminate\\Foundation\\Application), Array)
#5 /Users/lantzen/Sources/Helix-Carbon/KVA/vendor/laravel/framework/src/Illuminate/Container/Container.php(691): Illuminate\\Container\\Container->build(Object(Closure))
#6 /Users/lantzen/Sources/Helix-Carbon/KVA/vendor/laravel/framework/src/Illuminate/Foundation/Application.php(796): Illuminate\\Container\\Container->resolve('encrypter', Array, true)
#7 /Users/lantzen/Sources/Helix-Carbon/KVA/vendor/laravel/framework/src/Illuminate/Container/Container.php(637): Illuminate\\Foundation\\Application->resolve('encrypter', Array)
#8 /Users/lantzen/Sources/Helix-Carbon/KVA/vendor/laravel/framework/src/Illuminate/Foundation/Application.php(781): Illuminate\\Container\\Container->make('encrypter', Array)
#9 /Users/lantzen/Sources/Helix-Carbon/KVA/vendor/laravel/framework/src/Illuminate/Container/Container.php(959): Illuminate\\Foundation\\Application->make('encrypter')
#10 /Users/lantzen/Sources/Helix-Carbon/KVA/vendor/laravel/framework/src/Illuminate/Container/Container.php(879): Illuminate\\Container\\Container->resolveClass(Object(ReflectionParameter))
#11 /Users/lantzen/Sources/Helix-Carbon/KVA/vendor/laravel/framework/src/Illuminate/Container/Container.php(840): Illuminate\\Container\\Container->resolveDependencies(Array)
#12 /Users/lantzen/Sources/Helix-Carbon/KVA/vendor/laravel/framework/src/Illuminate/Container/Container.php(691): Illuminate\\Container\\Container->build('App\\\\Http\\\\Middle...')
#13 /Users/lantzen/Sources/Helix-Carbon/KVA/vendor/laravel/framework/src/Illuminate/Foundation/Application.php(796): Illuminate\\Container\\Container->resolve('App\\\\Http\\\\Middle...', Array, true)
#14 /Users/lantzen/Sources/Helix-Carbon/KVA/vendor/laravel/framework/src/Illuminate/Container/Container.php(637): Illuminate\\Foundation\\Application->resolve('App\\\\Http\\\\Middle...', Array)
#15 /Users/lantzen/Sources/Helix-Carbon/KVA/vendor/laravel/framework/src/Illuminate/Foundation/Application.php(781): Illuminate\\Container\\Container->make('App\\\\Http\\\\Middle...', Array)
#16 /Users/lantzen/Sources/Helix-Carbon/KVA/vendor/laravel/framework/src/Illuminate/Pipeline/Pipeline.php(156): Illuminate\\Foundation\\Application->make('App\\\\Http\\\\Middle...')
#17 /Users/lantzen/Sources/Helix-Carbon/KVA/vendor/laravel/framework/src/Illuminate/Pipeline/Pipeline.php(103): Illuminate\\Pipeline\\Pipeline->Illuminate\\Pipeline\\{closure}(Object(Illuminate\\Http\\Request))
#18 /Users/lantzen/Sources/Helix-Carbon/KVA/vendor/laravel/framework/src/Illuminate/Routing/Router.php(687): Illuminate\\Pipeline\\Pipeline->then(Object(Closure))
#19 /Users/lantzen/Sources/Helix-Carbon/KVA/vendor/laravel/framework/src/Illuminate/Routing/Router.php(662): Illuminate\\Routing\\Router->runRouteWithinStack(Object(Illuminate\\Routing\\Route), Object(Illuminate\\Http\\Request))
#20 /Users/lantzen/Sources/Helix-Carbon/KVA/vendor/laravel/framework/src/Illuminate/Routing/Router.php(628): Illuminate\\Routing\\Router->runRoute(Object(Illuminate\\Http\\Request), Object(Illuminate\\Routing\\Route))
#21 /Users/lantzen/Sources/Helix-Carbon/KVA/vendor/laravel/framework/src/Illuminate/Routing/Router.php(617): Illuminate\\Routing\\Router->dispatchToRoute(Object(Illuminate\\Http\\Request))
#22 /Users/lantzen/Sources/Helix-Carbon/KVA/vendor/laravel/framework/src/Illuminate/Foundation/Http/Kernel.php(165): Illuminate\\Routing\\Router->dispatch(Object(Illuminate\\Http\\Request))
#23 /Users/lantzen/Sources/Helix-Carbon/KVA/vendor/laravel/framework/src/Illuminate/Pipeline/Pipeline.php(128): Illuminate\\Foundation\\Http\\Kernel->Illuminate\\Foundation\\Http\\{closure}(Object(Illuminate\\Http\\Request))
#24 /Users/lantzen/Sources/Helix-Carbon/KVA/vendor/laravel/framework/src/Illuminate/Foundation/Http/Middleware/TransformsRequest.php(21): Illuminate\\Pipeline\\Pipeline->Illuminate\\Pipeline\\{closure}(Object(Illuminate\\Http\\Request))
#25 /Users/lantzen/Sources/Helix-Carbon/KVA/vendor/laravel/framework/src/Illuminate/Pipeline/Pipeline.php(167): Illuminate\\Foundation\\Http\\Middleware\\TransformsRequest->handle(Object(Illuminate\\Http\\Request), Object(Closure))
#26 /Users/lantzen/Sources/Helix-Carbon/KVA/vendor/laravel/framework/src/Illuminate/Foundation/Http/Middleware/TransformsRequest.php(21): Illuminate\\Pipeline\\Pipeline->Illuminate\\Pipeline\\{closure}(Object(Illuminate\\Http\\Request))
#27 /Users/lantzen/Sources/Helix-Carbon/KVA/vendor/laravel/framework/src/Illuminate/Pipeline/Pipeline.php(167): Illuminate\\Foundation\\Http\\Middleware\\TransformsRequest->handle(Object(Illuminate\\Http\\Request), Object(Closure))
#28 /Users/lantzen/Sources/Helix-Carbon/KVA/vendor/laravel/framework/src/Illuminate/Foundation/Http/Middleware/ValidatePostSize.php(27): Illuminate\\Pipeline\\Pipeline->Illuminate\\Pipeline\\{closure}(Object(Illuminate\\Http\\Request))
#29 /Users/lantzen/Sources/Helix-Carbon/KVA/vendor/laravel/framework/src/Illuminate/Pipeline/Pipeline.php(167): Illuminate\\Foundation\\Http\\Middleware\\ValidatePostSize->handle(Object(Illuminate\\Http\\Request), Object(Closure))
#30 /Users/lantzen/Sources/Helix-Carbon/KVA/vendor/laravel/framework/src/Illuminate/Foundation/Http/Middleware/CheckForMaintenanceMode.php(63): Illuminate\\Pipeline\\Pipeline->Illuminate\\Pipeline\\{closure}(Object(Illuminate\\Http\\Request))
#31 /Users/lantzen/Sources/Helix-Carbon/KVA/vendor/laravel/framework/src/Illuminate/Pipeline/Pipeline.php(167): Illuminate\\Foundation\\Http\\Middleware\\CheckForMaintenanceMode->handle(Object(Illuminate\\Http\\Request), Object(Closure))
#32 /Users/lantzen/Sources/Helix-Carbon/KVA/vendor/fruitcake/laravel-cors/src/HandleCors.php(37): Illuminate\\Pipeline\\Pipeline->Illuminate\\Pipeline\\{closure}(Object(Illuminate\\Http\\Request))
#33 /Users/lantzen/Sources/Helix-Carbon/KVA/vendor/laravel/framework/src/Illuminate/Pipeline/Pipeline.php(167): Fruitcake\\Cors\\HandleCors->handle(Object(Illuminate\\Http\\Request), Object(Closure))
#34 /Users/lantzen/Sources/Helix-Carbon/KVA/vendor/fideloper/proxy/src/TrustProxies.php(57): Illuminate\\Pipeline\\Pipeline->Illuminate\\Pipeline\\{closure}(Object(Illuminate\\Http\\Request))
#35 /Users/lantzen/Sources/Helix-Carbon/KVA/vendor/laravel/framework/src/Illuminate/Pipeline/Pipeline.php(167): Fideloper\\Proxy\\TrustProxies->handle(Object(Illuminate\\Http\\Request), Object(Closure))
#36 /Users/lantzen/Sources/Helix-Carbon/KVA/vendor/laravel/framework/src/Illuminate/Pipeline/Pipeline.php(103): Illuminate\\Pipeline\\Pipeline->Illuminate\\Pipeline\\{closure}(Object(Illuminate\\Http\\Request))
#37 /Users/lantzen/Sources/Helix-Carbon/KVA/vendor/laravel/framework/src/Illuminate/Foundation/Http/Kernel.php(140): Illuminate\\Pipeline\\Pipeline->then(Object(Closure))
#38 /Users/lantzen/Sources/Helix-Carbon/KVA/vendor/laravel/framework/src/Illuminate/Foundation/Http/Kernel.php(109): Illuminate\\Foundation\\Http\\Kernel->sendRequestThroughRouter(Object(Illuminate\\Http\\Request))
#39 /Users/lantzen/Sources/Helix-Carbon/KVA/public/index.php(55): Illuminate\\Foundation\\Http\\Kernel->handle(Object(Illuminate\\Http\\Request))
#40 /Users/lantzen/Sources/Helix-Carbon/KVA/server.php(21): require_once('/Users/lantzen/...')
#41 {main}
"} 
[2024-01-20 10:52:31] local.ERROR: No application encryption key has been specified. {"exception":"[object] (RuntimeException(code: 0): No application encryption key has been specified. at /Users/lantzen/Sources/Helix-Carbon/KVA/vendor/laravel/framework/src/Illuminate/Encryption/EncryptionServiceProvider.php:80)
[stacktrace]
#0 /Users/lantzen/Sources/Helix-Carbon/KVA/vendor/laravel/framework/src/Illuminate/Support/helpers.php(433): Illuminate\\Encryption\\EncryptionServiceProvider->Illuminate\\Encryption\\{closure}('')
#1 /Users/lantzen/Sources/Helix-Carbon/KVA/vendor/laravel/framework/src/Illuminate/Encryption/EncryptionServiceProvider.php(84): tap('', Object(Closure))
#2 /Users/lantzen/Sources/Helix-Carbon/KVA/vendor/laravel/framework/src/Illuminate/Encryption/EncryptionServiceProvider.php(61): Illuminate\\Encryption\\EncryptionServiceProvider->key(Array)
#3 /Users/lantzen/Sources/Helix-Carbon/KVA/vendor/laravel/framework/src/Illuminate/Encryption/EncryptionServiceProvider.php(33): Illuminate\\Encryption\\EncryptionServiceProvider->parseKey(Array)
#4 /Users/lantzen/Sources/Helix-Carbon/KVA/vendor/laravel/framework/src/Illuminate/Container/Container.php(805): Illuminate\\Encryption\\EncryptionServiceProvider->Illuminate\\Encryption\\{closure}(Object(Illuminate\\Foundation\\Application), Array)
#5 /Users/lantzen/Sources/Helix-Carbon/KVA/vendor/laravel/framework/src/Illuminate/Container/Container.php(691): Illuminate\\Container\\Container->build(Object(Closure))
#6 /Users/lantzen/Sources/Helix-Carbon/KVA/vendor/laravel/framework/src/Illuminate/Foundation/Application.php(796): Illuminate\\Container\\Container->resolve('encrypter', Array, true)
#7 /Users/lantzen/Sources/Helix-Carbon/KVA/vendor/laravel/framework/src/Illuminate/Container/Container.php(637): Illuminate\\Foundation\\Application->resolve('encrypter', Array)
#8 /Users/lantzen/Sources/Helix-Carbon/KVA/vendor/laravel/framework/src/Illuminate/Foundation/Application.php(781): Illuminate\\Container\\Container->make('encrypter', Array)
#9 /Users/lantzen/Sources/Helix-Carbon/KVA/vendor/laravel/framework/src/Illuminate/Container/Container.php(959): Illuminate\\Foundation\\Application->make('encrypter')
#10 /Users/lantzen/Sources/Helix-Carbon/KVA/vendor/laravel/framework/src/Illuminate/Container/Container.php(879): Illuminate\\Container\\Container->resolveClass(Object(ReflectionParameter))
#11 /Users/lantzen/Sources/Helix-Carbon/KVA/vendor/laravel/framework/src/Illuminate/Container/Container.php(840): Illuminate\\Container\\Container->resolveDependencies(Array)
#12 /Users/lantzen/Sources/Helix-Carbon/KVA/vendor/laravel/framework/src/Illuminate/Container/Container.php(691): Illuminate\\Container\\Container->build('App\\\\Http\\\\Middle...')
#13 /Users/lantzen/Sources/Helix-Carbon/KVA/vendor/laravel/framework/src/Illuminate/Foundation/Application.php(796): Illuminate\\Container\\Container->resolve('App\\\\Http\\\\Middle...', Array, true)
#14 /Users/lantzen/Sources/Helix-Carbon/KVA/vendor/laravel/framework/src/Illuminate/Container/Container.php(637): Illuminate\\Foundation\\Application->resolve('App\\\\Http\\\\Middle...', Array)
#15 /Users/lantzen/Sources/Helix-Carbon/KVA/vendor/laravel/framework/src/Illuminate/Foundation/Application.php(781): Illuminate\\Container\\Container->make('App\\\\Http\\\\Middle...', Array)
#16 /Users/lantzen/Sources/Helix-Carbon/KVA/vendor/laravel/framework/src/Illuminate/Foundation/Http/Kernel.php(204): Illuminate\\Foundation\\Application->make('App\\\\Http\\\\Middle...')
#17 /Users/lantzen/Sources/Helix-Carbon/KVA/vendor/laravel/framework/src/Illuminate/Foundation/Http/Kernel.php(178): Illuminate\\Foundation\\Http\\Kernel->terminateMiddleware(Object(Illuminate\\Http\\Request), Object(Illuminate\\Http\\Response))
#18 /Users/lantzen/Sources/Helix-Carbon/KVA/public/index.php(60): Illuminate\\Foundation\\Http\\Kernel->terminate(Object(Illuminate\\Http\\Request), Object(Illuminate\\Http\\Response))
#19 /Users/lantzen/Sources/Helix-Carbon/KVA/server.php(21): require_once('/Users/lantzen/...')
#20 {main}
"} 
